[4.450s] Invoking command in '/home/epue/capstone.git/capstone/ws_ros2_opencv/src/ros2_opencv': PYTHONPATH=/home/epue/capstone.git/capstone/ws_ros2_opencv/build/ros2_opencv/prefix_override:/usr/lib/python3/dist-packages/colcon_core/task/python/colcon_distutils_commands:/home/epue/capstone.git/capstone/ws_ros2_opencv/install/ros2_opencv/lib/python3.10/site-packages:${PYTHONPATH} /usr/bin/python3 -W ignore:setup.py install is deprecated setup.py egg_info --egg-base ../../build/ros2_opencv build --build-base /home/epue/capstone.git/capstone/ws_ros2_opencv/build/ros2_opencv/build install --record /home/epue/capstone.git/capstone/ws_ros2_opencv/build/ros2_opencv/install.log --single-version-externally-managed install_data
[6.179s] running egg_info
[6.184s] writing ../../build/ros2_opencv/ros2_opencv.egg-info/PKG-INFO
[6.187s] writing dependency_links to ../../build/ros2_opencv/ros2_opencv.egg-info/dependency_links.txt
[6.190s] writing entry points to ../../build/ros2_opencv/ros2_opencv.egg-info/entry_points.txt
[6.190s] writing requirements to ../../build/ros2_opencv/ros2_opencv.egg-info/requires.txt
[6.191s] writing top-level names to ../../build/ros2_opencv/ros2_opencv.egg-info/top_level.txt
[6.347s] reading manifest file '../../build/ros2_opencv/ros2_opencv.egg-info/SOURCES.txt'
[6.352s] writing manifest file '../../build/ros2_opencv/ros2_opencv.egg-info/SOURCES.txt'
[6.353s] running build
[6.353s] running build_py
[6.355s] copying ros2_opencv/detection_display.py -> /home/epue/capstone.git/capstone/ws_ros2_opencv/build/ros2_opencv/build/lib/ros2_opencv
[6.357s] copying ros2_opencv/driving.py -> /home/epue/capstone.git/capstone/ws_ros2_opencv/build/ros2_opencv/build/lib/ros2_opencv
[6.359s] running install
[6.361s] running install_lib
[6.373s] copying /home/epue/capstone.git/capstone/ws_ros2_opencv/build/ros2_opencv/build/lib/ros2_opencv/detection_display.py -> /home/epue/capstone.git/capstone/ws_ros2_opencv/install/ros2_opencv/lib/python3.10/site-packages/ros2_opencv
[6.374s] copying /home/epue/capstone.git/capstone/ws_ros2_opencv/build/ros2_opencv/build/lib/ros2_opencv/driving.py -> /home/epue/capstone.git/capstone/ws_ros2_opencv/install/ros2_opencv/lib/python3.10/site-packages/ros2_opencv
[6.375s] byte-compiling /home/epue/capstone.git/capstone/ws_ros2_opencv/install/ros2_opencv/lib/python3.10/site-packages/ros2_opencv/detection_display.py to detection_display.cpython-310.pyc
[6.376s] byte-compiling /home/epue/capstone.git/capstone/ws_ros2_opencv/install/ros2_opencv/lib/python3.10/site-packages/ros2_opencv/driving.py to driving.cpython-310.pyc
[6.380s] running install_data
[6.381s] running install_egg_info
[6.390s] removing '/home/epue/capstone.git/capstone/ws_ros2_opencv/install/ros2_opencv/lib/python3.10/site-packages/ros2_opencv-0.0.0-py3.10.egg-info' (and everything under it)
[6.392s] Copying ../../build/ros2_opencv/ros2_opencv.egg-info to /home/epue/capstone.git/capstone/ws_ros2_opencv/install/ros2_opencv/lib/python3.10/site-packages/ros2_opencv-0.0.0-py3.10.egg-info
[6.401s] running install_scripts
[6.484s] Installing driver_node script to /home/epue/capstone.git/capstone/ws_ros2_opencv/install/ros2_opencv/lib/ros2_opencv
[6.490s] Installing image_display_node script to /home/epue/capstone.git/capstone/ws_ros2_opencv/install/ros2_opencv/lib/ros2_opencv
[6.491s] Installing object_detection_node script to /home/epue/capstone.git/capstone/ws_ros2_opencv/install/ros2_opencv/lib/ros2_opencv
[6.491s] Installing publisher_node script to /home/epue/capstone.git/capstone/ws_ros2_opencv/install/ros2_opencv/lib/ros2_opencv
[6.492s] Installing subscriber_node script to /home/epue/capstone.git/capstone/ws_ros2_opencv/install/ros2_opencv/lib/ros2_opencv
[6.495s] writing list of installed files to '/home/epue/capstone.git/capstone/ws_ros2_opencv/build/ros2_opencv/install.log'
[6.680s] Invoked command in '/home/epue/capstone.git/capstone/ws_ros2_opencv/src/ros2_opencv' returned '0': PYTHONPATH=/home/epue/capstone.git/capstone/ws_ros2_opencv/build/ros2_opencv/prefix_override:/usr/lib/python3/dist-packages/colcon_core/task/python/colcon_distutils_commands:/home/epue/capstone.git/capstone/ws_ros2_opencv/install/ros2_opencv/lib/python3.10/site-packages:${PYTHONPATH} /usr/bin/python3 -W ignore:setup.py install is deprecated setup.py egg_info --egg-base ../../build/ros2_opencv build --build-base /home/epue/capstone.git/capstone/ws_ros2_opencv/build/ros2_opencv/build install --record /home/epue/capstone.git/capstone/ws_ros2_opencv/build/ros2_opencv/install.log --single-version-externally-managed install_data
