[4.126s] Invoking command in '/home/epue/capstone.git/capstone/ws_ros2_opencv/src/ros2_opencv': PYTHONPATH=/home/epue/capstone.git/capstone/ws_ros2_opencv/build/ros2_opencv/prefix_override:/usr/lib/python3/dist-packages/colcon_core/task/python/colcon_distutils_commands:/home/epue/capstone.git/capstone/ws_ros2_opencv/install/ros2_opencv/lib/python3.10/site-packages:${PYTHONPATH} /usr/bin/python3 -W ignore:setup.py install is deprecated setup.py egg_info --egg-base ../../build/ros2_opencv build --build-base /home/epue/capstone.git/capstone/ws_ros2_opencv/build/ros2_opencv/build install --record /home/epue/capstone.git/capstone/ws_ros2_opencv/build/ros2_opencv/install.log --single-version-externally-managed install_data
[5.809s] running egg_info
[5.811s] writing ../../build/ros2_opencv/ros2_opencv.egg-info/PKG-INFO
[5.812s] writing dependency_links to ../../build/ros2_opencv/ros2_opencv.egg-info/dependency_links.txt
[5.813s] writing entry points to ../../build/ros2_opencv/ros2_opencv.egg-info/entry_points.txt
[5.814s] writing requirements to ../../build/ros2_opencv/ros2_opencv.egg-info/requires.txt
[5.815s] writing top-level names to ../../build/ros2_opencv/ros2_opencv.egg-info/top_level.txt
[5.953s] reading manifest file '../../build/ros2_opencv/ros2_opencv.egg-info/SOURCES.txt'
[5.957s] writing manifest file '../../build/ros2_opencv/ros2_opencv.egg-info/SOURCES.txt'
[5.958s] running build
[5.958s] running build_py
[5.959s] copying ros2_opencv/cameraPublisher.py -> /home/epue/capstone.git/capstone/ws_ros2_opencv/build/ros2_opencv/build/lib/ros2_opencv
[5.962s] running install
[5.964s] running install_lib
[5.968s] copying /home/epue/capstone.git/capstone/ws_ros2_opencv/build/ros2_opencv/build/lib/ros2_opencv/cameraPublisher.py -> /home/epue/capstone.git/capstone/ws_ros2_opencv/install/ros2_opencv/lib/python3.10/site-packages/ros2_opencv
[5.972s] byte-compiling /home/epue/capstone.git/capstone/ws_ros2_opencv/install/ros2_opencv/lib/python3.10/site-packages/ros2_opencv/cameraPublisher.py to cameraPublisher.cpython-310.pyc
[5.976s] running install_data
[5.977s] running install_egg_info
[5.985s] removing '/home/epue/capstone.git/capstone/ws_ros2_opencv/install/ros2_opencv/lib/python3.10/site-packages/ros2_opencv-0.0.0-py3.10.egg-info' (and everything under it)
[5.987s] Copying ../../build/ros2_opencv/ros2_opencv.egg-info to /home/epue/capstone.git/capstone/ws_ros2_opencv/install/ros2_opencv/lib/python3.10/site-packages/ros2_opencv-0.0.0-py3.10.egg-info
[5.994s] running install_scripts
[6.067s] Installing image_display_node script to /home/epue/capstone.git/capstone/ws_ros2_opencv/install/ros2_opencv/lib/ros2_opencv
[6.068s] Installing object_detection_node script to /home/epue/capstone.git/capstone/ws_ros2_opencv/install/ros2_opencv/lib/ros2_opencv
[6.069s] Installing publisher_node script to /home/epue/capstone.git/capstone/ws_ros2_opencv/install/ros2_opencv/lib/ros2_opencv
[6.073s] Installing subscriber_node script to /home/epue/capstone.git/capstone/ws_ros2_opencv/install/ros2_opencv/lib/ros2_opencv
[6.075s] writing list of installed files to '/home/epue/capstone.git/capstone/ws_ros2_opencv/build/ros2_opencv/install.log'
[6.251s] Invoked command in '/home/epue/capstone.git/capstone/ws_ros2_opencv/src/ros2_opencv' returned '0': PYTHONPATH=/home/epue/capstone.git/capstone/ws_ros2_opencv/build/ros2_opencv/prefix_override:/usr/lib/python3/dist-packages/colcon_core/task/python/colcon_distutils_commands:/home/epue/capstone.git/capstone/ws_ros2_opencv/install/ros2_opencv/lib/python3.10/site-packages:${PYTHONPATH} /usr/bin/python3 -W ignore:setup.py install is deprecated setup.py egg_info --egg-base ../../build/ros2_opencv build --build-base /home/epue/capstone.git/capstone/ws_ros2_opencv/build/ros2_opencv/build install --record /home/epue/capstone.git/capstone/ws_ros2_opencv/build/ros2_opencv/install.log --single-version-externally-managed install_data
