[5.562s] Invoking command in '/home/epue/capstone.git/capstone/ws_ros2_opencv/src/ros2_opencv': PYTHONPATH=/home/epue/capstone.git/capstone/ws_ros2_opencv/build/ros2_opencv/prefix_override:/usr/lib/python3/dist-packages/colcon_core/task/python/colcon_distutils_commands:/home/epue/capstone.git/capstone/ws_ros2_opencv/install/ros2_opencv/lib/python3.10/site-packages:${PYTHONPATH} /usr/bin/python3 -W ignore:setup.py install is deprecated setup.py egg_info --egg-base ../../build/ros2_opencv build --build-base /home/epue/capstone.git/capstone/ws_ros2_opencv/build/ros2_opencv/build install --record /home/epue/capstone.git/capstone/ws_ros2_opencv/build/ros2_opencv/install.log --single-version-externally-managed install_data
[7.224s] running egg_info
[7.344s] writing ../../build/ros2_opencv/ros2_opencv.egg-info/PKG-INFO
[7.346s] writing dependency_links to ../../build/ros2_opencv/ros2_opencv.egg-info/dependency_links.txt
[7.348s] writing entry points to ../../build/ros2_opencv/ros2_opencv.egg-info/entry_points.txt
[7.349s] writing requirements to ../../build/ros2_opencv/ros2_opencv.egg-info/requires.txt
[7.350s] writing top-level names to ../../build/ros2_opencv/ros2_opencv.egg-info/top_level.txt
[7.534s] reading manifest file '../../build/ros2_opencv/ros2_opencv.egg-info/SOURCES.txt'
[7.542s] writing manifest file '../../build/ros2_opencv/ros2_opencv.egg-info/SOURCES.txt'
[7.543s] running build
[7.543s] running build_py
[7.545s] copying ros2_opencv/detection_display.py -> /home/epue/capstone.git/capstone/ws_ros2_opencv/build/ros2_opencv/build/lib/ros2_opencv
[7.548s] copying ros2_opencv/object_detection.py -> /home/epue/capstone.git/capstone/ws_ros2_opencv/build/ros2_opencv/build/lib/ros2_opencv
[7.549s] copying ros2_opencv/cameraPublisher.py -> /home/epue/capstone.git/capstone/ws_ros2_opencv/build/ros2_opencv/build/lib/ros2_opencv
[7.551s] copying ros2_opencv/subscriberimage.py -> /home/epue/capstone.git/capstone/ws_ros2_opencv/build/ros2_opencv/build/lib/ros2_opencv
[7.553s] copying ros2_opencv/__init__.py -> /home/epue/capstone.git/capstone/ws_ros2_opencv/build/ros2_opencv/build/lib/ros2_opencv
[7.554s] copying ros2_opencv/driving.py -> /home/epue/capstone.git/capstone/ws_ros2_opencv/build/ros2_opencv/build/lib/ros2_opencv
[7.556s] copying ros2_opencv/object_detection_ssd_lite.py -> /home/epue/capstone.git/capstone/ws_ros2_opencv/build/ros2_opencv/build/lib/ros2_opencv
[7.558s] copying ros2_opencv/object_detection_yolo.py -> /home/epue/capstone.git/capstone/ws_ros2_opencv/build/ros2_opencv/build/lib/ros2_opencv
[7.560s] copying ros2_opencv/beginstop.py -> /home/epue/capstone.git/capstone/ws_ros2_opencv/build/ros2_opencv/build/lib/ros2_opencv
[7.562s] running install
[7.585s] running install_lib
[7.673s] copying /home/epue/capstone.git/capstone/ws_ros2_opencv/build/ros2_opencv/build/lib/ros2_opencv/driving.py -> /home/epue/capstone.git/capstone/ws_ros2_opencv/install/ros2_opencv/lib/python3.10/site-packages/ros2_opencv
[7.675s] copying /home/epue/capstone.git/capstone/ws_ros2_opencv/build/ros2_opencv/build/lib/ros2_opencv/beginstop.py -> /home/epue/capstone.git/capstone/ws_ros2_opencv/install/ros2_opencv/lib/python3.10/site-packages/ros2_opencv
[7.679s] byte-compiling /home/epue/capstone.git/capstone/ws_ros2_opencv/install/ros2_opencv/lib/python3.10/site-packages/ros2_opencv/driving.py to driving.cpython-310.pyc
[7.694s] byte-compiling /home/epue/capstone.git/capstone/ws_ros2_opencv/install/ros2_opencv/lib/python3.10/site-packages/ros2_opencv/beginstop.py to beginstop.cpython-310.pyc
[7.695s] running install_data
[7.695s] copying resource/ros2_opencv -> /home/epue/capstone.git/capstone/ws_ros2_opencv/install/ros2_opencv/share/ament_index/resource_index/packages
[7.696s] copying package.xml -> /home/epue/capstone.git/capstone/ws_ros2_opencv/install/ros2_opencv/share/ros2_opencv
[7.696s] copying launch/camera_launch.launch.py -> /home/epue/capstone.git/capstone/ws_ros2_opencv/install/ros2_opencv/share/ros2_opencv/launch
[7.697s] running install_egg_info
[7.838s] removing '/home/epue/capstone.git/capstone/ws_ros2_opencv/install/ros2_opencv/lib/python3.10/site-packages/ros2_opencv-0.0.0-py3.10.egg-info' (and everything under it)
[7.852s] Copying ../../build/ros2_opencv/ros2_opencv.egg-info to /home/epue/capstone.git/capstone/ws_ros2_opencv/install/ros2_opencv/lib/python3.10/site-packages/ros2_opencv-0.0.0-py3.10.egg-info
[7.895s] running install_scripts
[9.058s] Installing driver_node script to /home/epue/capstone.git/capstone/ws_ros2_opencv/install/ros2_opencv/lib/ros2_opencv
[9.125s] Installing image_display_node script to /home/epue/capstone.git/capstone/ws_ros2_opencv/install/ros2_opencv/lib/ros2_opencv
[9.211s] Installing object_detection_node script to /home/epue/capstone.git/capstone/ws_ros2_opencv/install/ros2_opencv/lib/ros2_opencv
[9.213s] Installing publisher_node script to /home/epue/capstone.git/capstone/ws_ros2_opencv/install/ros2_opencv/lib/ros2_opencv
[9.216s] Installing stop_sign_detection script to /home/epue/capstone.git/capstone/ws_ros2_opencv/install/ros2_opencv/lib/ros2_opencv
[9.219s] Installing subscriber_node script to /home/epue/capstone.git/capstone/ws_ros2_opencv/install/ros2_opencv/lib/ros2_opencv
[9.223s] writing list of installed files to '/home/epue/capstone.git/capstone/ws_ros2_opencv/build/ros2_opencv/install.log'
[9.398s] Invoked command in '/home/epue/capstone.git/capstone/ws_ros2_opencv/src/ros2_opencv' returned '0': PYTHONPATH=/home/epue/capstone.git/capstone/ws_ros2_opencv/build/ros2_opencv/prefix_override:/usr/lib/python3/dist-packages/colcon_core/task/python/colcon_distutils_commands:/home/epue/capstone.git/capstone/ws_ros2_opencv/install/ros2_opencv/lib/python3.10/site-packages:${PYTHONPATH} /usr/bin/python3 -W ignore:setup.py install is deprecated setup.py egg_info --egg-base ../../build/ros2_opencv build --build-base /home/epue/capstone.git/capstone/ws_ros2_opencv/build/ros2_opencv/build install --record /home/epue/capstone.git/capstone/ws_ros2_opencv/build/ros2_opencv/install.log --single-version-externally-managed install_data
