[4.308s] Invoking command in '/home/epue/capstone.git/capstone/ws_ros2_opencv/src/ros2_opencv': PYTHONPATH=/home/epue/capstone.git/capstone/ws_ros2_opencv/build/ros2_opencv/prefix_override:/usr/lib/python3/dist-packages/colcon_core/task/python/colcon_distutils_commands:/home/epue/capstone.git/capstone/ws_ros2_opencv/install/ros2_opencv/lib/python3.10/site-packages:${PYTHONPATH} /usr/bin/python3 -W ignore:setup.py install is deprecated setup.py egg_info --egg-base ../../build/ros2_opencv build --build-base /home/epue/capstone.git/capstone/ws_ros2_opencv/build/ros2_opencv/build install --record /home/epue/capstone.git/capstone/ws_ros2_opencv/build/ros2_opencv/install.log --single-version-externally-managed install_data
[5.892s] running egg_info
[5.965s] writing ../../build/ros2_opencv/ros2_opencv.egg-info/PKG-INFO
[5.967s] writing dependency_links to ../../build/ros2_opencv/ros2_opencv.egg-info/dependency_links.txt
[5.969s] writing entry points to ../../build/ros2_opencv/ros2_opencv.egg-info/entry_points.txt
[5.970s] writing requirements to ../../build/ros2_opencv/ros2_opencv.egg-info/requires.txt
[5.971s] writing top-level names to ../../build/ros2_opencv/ros2_opencv.egg-info/top_level.txt
[6.117s] reading manifest file '../../build/ros2_opencv/ros2_opencv.egg-info/SOURCES.txt'
[6.119s] Traceback (most recent call last):
[6.120s]   File "/home/epue/capstone.git/capstone/ws_ros2_opencv/src/ros2_opencv/setup.py", line 7, in <module>
[6.121s]     setup(
[6.121s]   File "/home/epue/.local/lib/python3.10/site-packages/setuptools/__init__.py", line 117, in setup
[6.122s]     return distutils.core.setup(**attrs)
[6.122s]   File "/home/epue/.local/lib/python3.10/site-packages/setuptools/_distutils/core.py", line 183, in setup
[6.123s]     return run_commands(dist)
[6.123s]   File "/home/epue/.local/lib/python3.10/site-packages/setuptools/_distutils/core.py", line 199, in run_commands
[6.124s]     dist.run_commands()
[6.125s]   File "/home/epue/.local/lib/python3.10/site-packages/setuptools/_distutils/dist.py", line 954, in run_commands
[6.126s]     self.run_command(cmd)
[6.127s]   File "/home/epue/.local/lib/python3.10/site-packages/setuptools/dist.py", line 950, in run_command
[6.129s]     super().run_command(command)
[6.130s]   File "/home/epue/.local/lib/python3.10/site-packages/setuptools/_distutils/dist.py", line 973, in run_command
[6.131s]     cmd_obj.run()
[6.133s]   File "/home/epue/.local/lib/python3.10/site-packages/setuptools/command/egg_info.py", line 311, in run
[6.134s]     self.find_sources()
[6.135s]   File "/home/epue/.local/lib/python3.10/site-packages/setuptools/command/egg_info.py", line 319, in find_sources
[6.137s]     mm.run()
[6.138s]   File "/home/epue/.local/lib/python3.10/site-packages/setuptools/command/egg_info.py", line 545, in run
[6.139s]     self.prune_file_list()
[6.141s]   File "/home/epue/.local/lib/python3.10/site-packages/setuptools/command/sdist.py", line 161, in prune_file_list
[6.142s]     super().prune_file_list()
[6.143s]   File "/home/epue/.local/lib/python3.10/site-packages/setuptools/_distutils/command/sdist.py", line 380, in prune_file_list
[6.144s]     base_dir = self.distribution.get_fullname()
[6.145s]   File "/home/epue/.local/lib/python3.10/site-packages/setuptools/_core_metadata.py", line 267, in get_fullname
[6.146s]     return _distribution_fullname(self.get_name(), self.get_version())
[6.147s]   File "/home/epue/.local/lib/python3.10/site-packages/setuptools/_core_metadata.py", line 285, in _distribution_fullname
[6.148s]     canonicalize_version(version, strip_trailing_zero=False),
[6.149s] TypeError: canonicalize_version() got an unexpected keyword argument 'strip_trailing_zero'
[6.255s] Invoked command in '/home/epue/capstone.git/capstone/ws_ros2_opencv/src/ros2_opencv' returned '1': PYTHONPATH=/home/epue/capstone.git/capstone/ws_ros2_opencv/build/ros2_opencv/prefix_override:/usr/lib/python3/dist-packages/colcon_core/task/python/colcon_distutils_commands:/home/epue/capstone.git/capstone/ws_ros2_opencv/install/ros2_opencv/lib/python3.10/site-packages:${PYTHONPATH} /usr/bin/python3 -W ignore:setup.py install is deprecated setup.py egg_info --egg-base ../../build/ros2_opencv build --build-base /home/epue/capstone.git/capstone/ws_ros2_opencv/build/ros2_opencv/build install --record /home/epue/capstone.git/capstone/ws_ros2_opencv/build/ros2_opencv/install.log --single-version-externally-managed install_data
