[4.628s] Invoking command in '/home/epue/capstone.git/capstone/ws_ros2_opencv/src/ros2_opencv': PYTHONPATH=/home/epue/capstone.git/capstone/ws_ros2_opencv/build/ros2_opencv/prefix_override:/usr/lib/python3/dist-packages/colcon_core/task/python/colcon_distutils_commands:/home/epue/capstone.git/capstone/ws_ros2_opencv/install/ros2_opencv/lib/python3.10/site-packages:${PYTHONPATH} /usr/bin/python3 -W ignore:setup.py install is deprecated setup.py egg_info --egg-base ../../build/ros2_opencv build --build-base /home/epue/capstone.git/capstone/ws_ros2_opencv/build/ros2_opencv/build install --record /home/epue/capstone.git/capstone/ws_ros2_opencv/build/ros2_opencv/install.log --single-version-externally-managed install_data
[6.192s] running egg_info
[6.305s] writing ../../build/ros2_opencv/ros2_opencv.egg-info/PKG-INFO
[6.361s] writing dependency_links to ../../build/ros2_opencv/ros2_opencv.egg-info/dependency_links.txt
[6.363s] writing entry points to ../../build/ros2_opencv/ros2_opencv.egg-info/entry_points.txt
[6.364s] writing requirements to ../../build/ros2_opencv/ros2_opencv.egg-info/requires.txt
[6.365s] writing top-level names to ../../build/ros2_opencv/ros2_opencv.egg-info/top_level.txt
[6.544s] reading manifest file '../../build/ros2_opencv/ros2_opencv.egg-info/SOURCES.txt'
[6.551s] writing manifest file '../../build/ros2_opencv/ros2_opencv.egg-info/SOURCES.txt'
[6.552s] running build
[6.552s] running build_py
[6.554s] copying ros2_opencv/detection_display.py -> /home/epue/capstone.git/capstone/ws_ros2_opencv/build/ros2_opencv/build/lib/ros2_opencv
[6.556s] copying ros2_opencv/object_detection.py -> /home/epue/capstone.git/capstone/ws_ros2_opencv/build/ros2_opencv/build/lib/ros2_opencv
[6.557s] copying ros2_opencv/cameraPublisher.py -> /home/epue/capstone.git/capstone/ws_ros2_opencv/build/ros2_opencv/build/lib/ros2_opencv
[6.558s] copying ros2_opencv/subscriberimage.py -> /home/epue/capstone.git/capstone/ws_ros2_opencv/build/ros2_opencv/build/lib/ros2_opencv
[6.560s] copying ros2_opencv/__init__.py -> /home/epue/capstone.git/capstone/ws_ros2_opencv/build/ros2_opencv/build/lib/ros2_opencv
[6.561s] copying ros2_opencv/driving.py -> /home/epue/capstone.git/capstone/ws_ros2_opencv/build/ros2_opencv/build/lib/ros2_opencv
[6.562s] copying ros2_opencv/object_detection_ssd_lite.py -> /home/epue/capstone.git/capstone/ws_ros2_opencv/build/ros2_opencv/build/lib/ros2_opencv
[6.563s] copying ros2_opencv/object_detection_yolo.py -> /home/epue/capstone.git/capstone/ws_ros2_opencv/build/ros2_opencv/build/lib/ros2_opencv
[6.565s] running install
[6.586s] running install_lib
[6.673s] copying /home/epue/capstone.git/capstone/ws_ros2_opencv/build/ros2_opencv/build/lib/ros2_opencv/detection_display.py -> /home/epue/capstone.git/capstone/ws_ros2_opencv/install/ros2_opencv/lib/python3.10/site-packages/ros2_opencv
[6.674s] copying /home/epue/capstone.git/capstone/ws_ros2_opencv/build/ros2_opencv/build/lib/ros2_opencv/cameraPublisher.py -> /home/epue/capstone.git/capstone/ws_ros2_opencv/install/ros2_opencv/lib/python3.10/site-packages/ros2_opencv
[6.679s] byte-compiling /home/epue/capstone.git/capstone/ws_ros2_opencv/install/ros2_opencv/lib/python3.10/site-packages/ros2_opencv/detection_display.py to detection_display.cpython-310.pyc
[6.682s] byte-compiling /home/epue/capstone.git/capstone/ws_ros2_opencv/install/ros2_opencv/lib/python3.10/site-packages/ros2_opencv/cameraPublisher.py to cameraPublisher.cpython-310.pyc
[6.686s] running install_data
[6.688s] copying resource/ros2_opencv -> /home/epue/capstone.git/capstone/ws_ros2_opencv/install/ros2_opencv/share/ament_index/resource_index/packages
[6.690s] copying package.xml -> /home/epue/capstone.git/capstone/ws_ros2_opencv/install/ros2_opencv/share/ros2_opencv
[6.692s] copying launch/camera_launch.launch.py -> /home/epue/capstone.git/capstone/ws_ros2_opencv/install/ros2_opencv/share/ros2_opencv/launch
[6.693s] running install_egg_info
[6.806s] removing '/home/epue/capstone.git/capstone/ws_ros2_opencv/install/ros2_opencv/lib/python3.10/site-packages/ros2_opencv-0.0.0-py3.10.egg-info' (and everything under it)
[6.808s] Copying ../../build/ros2_opencv/ros2_opencv.egg-info to /home/epue/capstone.git/capstone/ws_ros2_opencv/install/ros2_opencv/lib/python3.10/site-packages/ros2_opencv-0.0.0-py3.10.egg-info
[6.817s] running install_scripts
[8.021s] Installing driver_node script to /home/epue/capstone.git/capstone/ws_ros2_opencv/install/ros2_opencv/lib/ros2_opencv
[8.023s] Installing image_display_node script to /home/epue/capstone.git/capstone/ws_ros2_opencv/install/ros2_opencv/lib/ros2_opencv
[8.023s] Installing object_detection_node script to /home/epue/capstone.git/capstone/ws_ros2_opencv/install/ros2_opencv/lib/ros2_opencv
[8.028s] Installing publisher_node script to /home/epue/capstone.git/capstone/ws_ros2_opencv/install/ros2_opencv/lib/ros2_opencv
[8.028s] Installing subscriber_node script to /home/epue/capstone.git/capstone/ws_ros2_opencv/install/ros2_opencv/lib/ros2_opencv
[8.030s] writing list of installed files to '/home/epue/capstone.git/capstone/ws_ros2_opencv/build/ros2_opencv/install.log'
[8.188s] Invoked command in '/home/epue/capstone.git/capstone/ws_ros2_opencv/src/ros2_opencv' returned '0': PYTHONPATH=/home/epue/capstone.git/capstone/ws_ros2_opencv/build/ros2_opencv/prefix_override:/usr/lib/python3/dist-packages/colcon_core/task/python/colcon_distutils_commands:/home/epue/capstone.git/capstone/ws_ros2_opencv/install/ros2_opencv/lib/python3.10/site-packages:${PYTHONPATH} /usr/bin/python3 -W ignore:setup.py install is deprecated setup.py egg_info --egg-base ../../build/ros2_opencv build --build-base /home/epue/capstone.git/capstone/ws_ros2_opencv/build/ros2_opencv/build install --record /home/epue/capstone.git/capstone/ws_ros2_opencv/build/ros2_opencv/install.log --single-version-externally-managed install_data
