[0.645s] DEBUG:colcon:Command line arguments: ['/usr/bin/colcon', 'build']
[0.646s] DEBUG:colcon:Parsed command line arguments: Namespace(log_base=None, log_level=None, verb_name='build', build_base='build', install_base='install', merge_install=False, symlink_install=False, test_result_base=None, continue_on_error=False, executor='parallel', parallel_workers=4, event_handlers=None, ignore_user_meta=False, metas=['./colcon.meta'], base_paths=['.'], packages_ignore=None, packages_ignore_regex=None, paths=None, packages_up_to=None, packages_up_to_regex=None, packages_above=None, packages_above_and_dependencies=None, packages_above_depth=None, packages_select_by_dep=None, packages_skip_by_dep=None, packages_skip_up_to=None, packages_select_build_failed=False, packages_skip_build_finished=False, packages_select_test_failures=False, packages_skip_test_passed=False, packages_select=None, packages_skip=None, packages_select_regex=None, packages_skip_regex=None, packages_start=None, packages_end=None, allow_overriding=[], cmake_args=None, cmake_target=None, cmake_target_skip_unavailable=False, cmake_clean_cache=False, cmake_clean_first=False, cmake_force_configure=False, ament_cmake_args=None, catkin_cmake_args=None, catkin_skip_building_tests=False, verb_parser=<colcon_defaults.argument_parser.defaults.DefaultArgumentsDecorator object at 0xffffa36a9750>, verb_extension=<colcon_core.verb.build.BuildVerb object at 0xffffa36a9300>, main=<bound method BuildVerb.main of <colcon_core.verb.build.BuildVerb object at 0xffffa36a9300>>)
[0.879s] Level 1:colcon.colcon_core.package_discovery:discover_packages(colcon_meta) check parameters
[0.879s] Level 1:colcon.colcon_core.package_discovery:discover_packages(recursive) check parameters
[0.879s] Level 1:colcon.colcon_core.package_discovery:discover_packages(ignore) check parameters
[0.880s] Level 1:colcon.colcon_core.package_discovery:discover_packages(path) check parameters
[0.880s] Level 1:colcon.colcon_core.package_discovery:discover_packages(colcon_meta) discover
[0.880s] Level 1:colcon.colcon_core.package_discovery:discover_packages(recursive) discover
[0.880s] INFO:colcon.colcon_core.package_discovery:Crawling recursively for packages in '/home/epue/capstone.git/capstone/ws_ros2_opencv'
[0.881s] Level 1:colcon.colcon_core.package_identification:_identify(.) by extensions ['ignore', 'ignore_ament_install']
[0.882s] Level 1:colcon.colcon_core.package_identification:_identify(.) by extension 'ignore'
[0.882s] Level 1:colcon.colcon_core.package_identification:_identify(.) by extension 'ignore_ament_install'
[0.882s] Level 1:colcon.colcon_core.package_identification:_identify(.) by extensions ['colcon_pkg']
[0.883s] Level 1:colcon.colcon_core.package_identification:_identify(.) by extension 'colcon_pkg'
[0.883s] Level 1:colcon.colcon_core.package_identification:_identify(.) by extensions ['colcon_meta']
[0.883s] Level 1:colcon.colcon_core.package_identification:_identify(.) by extension 'colcon_meta'
[0.883s] Level 1:colcon.colcon_core.package_identification:_identify(.) by extensions ['ros']
[0.884s] Level 1:colcon.colcon_core.package_identification:_identify(.) by extension 'ros'
[0.963s] Level 1:colcon.colcon_core.package_identification:_identify(.) by extensions ['cmake', 'python']
[0.964s] Level 1:colcon.colcon_core.package_identification:_identify(.) by extension 'cmake'
[0.964s] Level 1:colcon.colcon_core.package_identification:_identify(.) by extension 'python'
[0.964s] Level 1:colcon.colcon_core.package_identification:_identify(.) by extensions ['python_setup_py']
[0.965s] Level 1:colcon.colcon_core.package_identification:_identify(.) by extension 'python_setup_py'
[0.965s] Level 1:colcon.colcon_core.package_identification:_identify(build) by extensions ['ignore', 'ignore_ament_install']
[0.966s] Level 1:colcon.colcon_core.package_identification:_identify(build) by extension 'ignore'
[0.967s] Level 1:colcon.colcon_core.package_identification:_identify(build) ignored
[0.968s] Level 1:colcon.colcon_core.package_identification:_identify(install) by extensions ['ignore', 'ignore_ament_install']
[0.969s] Level 1:colcon.colcon_core.package_identification:_identify(install) by extension 'ignore'
[0.969s] Level 1:colcon.colcon_core.package_identification:_identify(install) ignored
[0.972s] Level 1:colcon.colcon_core.package_identification:_identify(log) by extensions ['ignore', 'ignore_ament_install']
[0.973s] Level 1:colcon.colcon_core.package_identification:_identify(log) by extension 'ignore'
[0.973s] Level 1:colcon.colcon_core.package_identification:_identify(log) ignored
[0.974s] Level 1:colcon.colcon_core.package_identification:_identify(src) by extensions ['ignore', 'ignore_ament_install']
[0.975s] Level 1:colcon.colcon_core.package_identification:_identify(src) by extension 'ignore'
[0.975s] Level 1:colcon.colcon_core.package_identification:_identify(src) by extension 'ignore_ament_install'
[0.976s] Level 1:colcon.colcon_core.package_identification:_identify(src) by extensions ['colcon_pkg']
[0.976s] Level 1:colcon.colcon_core.package_identification:_identify(src) by extension 'colcon_pkg'
[0.976s] Level 1:colcon.colcon_core.package_identification:_identify(src) by extensions ['colcon_meta']
[0.976s] Level 1:colcon.colcon_core.package_identification:_identify(src) by extension 'colcon_meta'
[0.977s] Level 1:colcon.colcon_core.package_identification:_identify(src) by extensions ['ros']
[0.977s] Level 1:colcon.colcon_core.package_identification:_identify(src) by extension 'ros'
[0.978s] Level 1:colcon.colcon_core.package_identification:_identify(src) by extensions ['cmake', 'python']
[0.978s] Level 1:colcon.colcon_core.package_identification:_identify(src) by extension 'cmake'
[0.978s] Level 1:colcon.colcon_core.package_identification:_identify(src) by extension 'python'
[0.979s] Level 1:colcon.colcon_core.package_identification:_identify(src) by extensions ['python_setup_py']
[0.979s] Level 1:colcon.colcon_core.package_identification:_identify(src) by extension 'python_setup_py'
[0.980s] Level 1:colcon.colcon_core.package_identification:_identify(src/ros2_opencv) by extensions ['ignore', 'ignore_ament_install']
[0.980s] Level 1:colcon.colcon_core.package_identification:_identify(src/ros2_opencv) by extension 'ignore'
[0.981s] Level 1:colcon.colcon_core.package_identification:_identify(src/ros2_opencv) by extension 'ignore_ament_install'
[0.981s] Level 1:colcon.colcon_core.package_identification:_identify(src/ros2_opencv) by extensions ['colcon_pkg']
[0.982s] Level 1:colcon.colcon_core.package_identification:_identify(src/ros2_opencv) by extension 'colcon_pkg'
[0.982s] Level 1:colcon.colcon_core.package_identification:_identify(src/ros2_opencv) by extensions ['colcon_meta']
[0.982s] Level 1:colcon.colcon_core.package_identification:_identify(src/ros2_opencv) by extension 'colcon_meta'
[0.983s] Level 1:colcon.colcon_core.package_identification:_identify(src/ros2_opencv) by extensions ['ros']
[0.983s] Level 1:colcon.colcon_core.package_identification:_identify(src/ros2_opencv) by extension 'ros'
[0.997s] DEBUG:colcon.colcon_core.package_identification:Package 'src/ros2_opencv' with type 'ros.ament_python' and name 'ros2_opencv'
[0.997s] Level 1:colcon.colcon_core.package_discovery:discover_packages(recursive) using defaults
[0.998s] Level 1:colcon.colcon_core.package_discovery:discover_packages(ignore) discover
[0.998s] Level 1:colcon.colcon_core.package_discovery:discover_packages(ignore) using defaults
[0.998s] Level 1:colcon.colcon_core.package_discovery:discover_packages(path) discover
[0.999s] Level 1:colcon.colcon_core.package_discovery:discover_packages(path) using defaults
[1.102s] Level 1:colcon.colcon_core.package_discovery:discover_packages(prefix_path) check parameters
[1.103s] Level 1:colcon.colcon_core.package_discovery:discover_packages(prefix_path) discover
[1.114s] DEBUG:colcon.colcon_installed_package_information.package_discovery:Found 1 installed packages in /home/epue/capstone.git/capstone/ws_ros2_opencv/install
[1.126s] DEBUG:colcon.colcon_installed_package_information.package_discovery:Found 324 installed packages in /opt/ros/iron
[1.141s] DEBUG:colcon.colcon_installed_package_information.package_discovery:Found 180 installed packages in /opt/ros/humble
[1.180s] Level 1:colcon.colcon_core.package_discovery:discover_packages(prefix_path) using defaults
[1.600s] Level 5:colcon.colcon_core.verb:set package 'ros2_opencv' build argument 'cmake_args' from command line to 'None'
[1.600s] Level 5:colcon.colcon_core.verb:set package 'ros2_opencv' build argument 'cmake_target' from command line to 'None'
[1.600s] Level 5:colcon.colcon_core.verb:set package 'ros2_opencv' build argument 'cmake_target_skip_unavailable' from command line to 'False'
[1.600s] Level 5:colcon.colcon_core.verb:set package 'ros2_opencv' build argument 'cmake_clean_cache' from command line to 'False'
[1.601s] Level 5:colcon.colcon_core.verb:set package 'ros2_opencv' build argument 'cmake_clean_first' from command line to 'False'
[1.601s] Level 5:colcon.colcon_core.verb:set package 'ros2_opencv' build argument 'cmake_force_configure' from command line to 'False'
[1.601s] Level 5:colcon.colcon_core.verb:set package 'ros2_opencv' build argument 'ament_cmake_args' from command line to 'None'
[1.601s] Level 5:colcon.colcon_core.verb:set package 'ros2_opencv' build argument 'catkin_cmake_args' from command line to 'None'
[1.601s] Level 5:colcon.colcon_core.verb:set package 'ros2_opencv' build argument 'catkin_skip_building_tests' from command line to 'False'
[1.601s] DEBUG:colcon.colcon_core.verb:Building package 'ros2_opencv' with the following arguments: {'ament_cmake_args': None, 'build_base': '/home/epue/capstone.git/capstone/ws_ros2_opencv/build/ros2_opencv', 'catkin_cmake_args': None, 'catkin_skip_building_tests': False, 'cmake_args': None, 'cmake_clean_cache': False, 'cmake_clean_first': False, 'cmake_force_configure': False, 'cmake_target': None, 'cmake_target_skip_unavailable': False, 'install_base': '/home/epue/capstone.git/capstone/ws_ros2_opencv/install/ros2_opencv', 'merge_install': False, 'path': '/home/epue/capstone.git/capstone/ws_ros2_opencv/src/ros2_opencv', 'symlink_install': False, 'test_result_base': None}
[1.602s] INFO:colcon.colcon_core.executor:Executing jobs using 'parallel' executor
[1.607s] DEBUG:colcon.colcon_parallel_executor.executor.parallel:run_until_complete
[1.608s] INFO:colcon.colcon_ros.task.ament_python.build:Building ROS package in '/home/epue/capstone.git/capstone/ws_ros2_opencv/src/ros2_opencv' with build type 'ament_python'
[1.609s] Level 1:colcon.colcon_core.shell:create_environment_hook('ros2_opencv', 'ament_prefix_path')
[1.620s] INFO:colcon.colcon_core.plugin_system:Skipping extension 'colcon_core.shell.bat': Not used on non-Windows systems
[1.621s] INFO:colcon.colcon_core.shell:Creating environment hook '/home/epue/capstone.git/capstone/ws_ros2_opencv/install/ros2_opencv/share/ros2_opencv/hook/ament_prefix_path.ps1'
[1.634s] INFO:colcon.colcon_core.shell:Creating environment descriptor '/home/epue/capstone.git/capstone/ws_ros2_opencv/install/ros2_opencv/share/ros2_opencv/hook/ament_prefix_path.dsv'
[1.650s] INFO:colcon.colcon_core.shell:Creating environment hook '/home/epue/capstone.git/capstone/ws_ros2_opencv/install/ros2_opencv/share/ros2_opencv/hook/ament_prefix_path.sh'
[1.667s] INFO:colcon.colcon_core.shell:Skip shell extension 'powershell' for command environment: Not usable outside of PowerShell
[1.667s] DEBUG:colcon.colcon_core.shell:Skip shell extension 'dsv' for command environment
[3.262s] INFO:colcon.colcon_core.task.python.build:Building Python package in '/home/epue/capstone.git/capstone/ws_ros2_opencv/src/ros2_opencv'
[3.263s] INFO:colcon.colcon_core.shell:Skip shell extension 'powershell' for command environment: Not usable outside of PowerShell
[3.264s] DEBUG:colcon.colcon_core.shell:Skip shell extension 'dsv' for command environment
[7.385s] DEBUG:colcon.colcon_core.event_handler.log_command:Invoking command in '/home/epue/capstone.git/capstone/ws_ros2_opencv/src/ros2_opencv': PYTHONPATH=/home/epue/capstone.git/capstone/ws_ros2_opencv/build/ros2_opencv/prefix_override:/usr/lib/python3/dist-packages/colcon_core/task/python/colcon_distutils_commands:/home/epue/capstone.git/capstone/ws_ros2_opencv/install/ros2_opencv/lib/python3.10/site-packages:${PYTHONPATH} /usr/bin/python3 -W ignore:setup.py install is deprecated setup.py egg_info --egg-base ../../build/ros2_opencv build --build-base /home/epue/capstone.git/capstone/ws_ros2_opencv/build/ros2_opencv/build install --record /home/epue/capstone.git/capstone/ws_ros2_opencv/build/ros2_opencv/install.log --single-version-externally-managed install_data
[11.313s] DEBUG:colcon.colcon_core.event_handler.log_command:Invoked command in '/home/epue/capstone.git/capstone/ws_ros2_opencv/src/ros2_opencv' returned '0': PYTHONPATH=/home/epue/capstone.git/capstone/ws_ros2_opencv/build/ros2_opencv/prefix_override:/usr/lib/python3/dist-packages/colcon_core/task/python/colcon_distutils_commands:/home/epue/capstone.git/capstone/ws_ros2_opencv/install/ros2_opencv/lib/python3.10/site-packages:${PYTHONPATH} /usr/bin/python3 -W ignore:setup.py install is deprecated setup.py egg_info --egg-base ../../build/ros2_opencv build --build-base /home/epue/capstone.git/capstone/ws_ros2_opencv/build/ros2_opencv/build install --record /home/epue/capstone.git/capstone/ws_ros2_opencv/build/ros2_opencv/install.log --single-version-externally-managed install_data
[11.323s] Level 1:colcon.colcon_core.environment:checking '/home/epue/capstone.git/capstone/ws_ros2_opencv/install/ros2_opencv' for CMake module files
[11.330s] Level 1:colcon.colcon_core.environment:checking '/home/epue/capstone.git/capstone/ws_ros2_opencv/install/ros2_opencv' for CMake config files
[11.341s] Level 1:colcon.colcon_core.environment:checking '/home/epue/capstone.git/capstone/ws_ros2_opencv/install/ros2_opencv/lib'
[11.343s] Level 1:colcon.colcon_core.environment:checking '/home/epue/capstone.git/capstone/ws_ros2_opencv/install/ros2_opencv/bin'
[11.345s] Level 1:colcon.colcon_core.environment:checking '/home/epue/capstone.git/capstone/ws_ros2_opencv/install/ros2_opencv/lib/pkgconfig/ros2_opencv.pc'
[11.347s] Level 1:colcon.colcon_core.environment:checking '/home/epue/capstone.git/capstone/ws_ros2_opencv/install/ros2_opencv/lib/python3.10/site-packages'
[11.349s] Level 1:colcon.colcon_core.shell:create_environment_hook('ros2_opencv', 'pythonpath')
[11.352s] INFO:colcon.colcon_core.shell:Creating environment hook '/home/epue/capstone.git/capstone/ws_ros2_opencv/install/ros2_opencv/share/ros2_opencv/hook/pythonpath.ps1'
[11.357s] INFO:colcon.colcon_core.shell:Creating environment descriptor '/home/epue/capstone.git/capstone/ws_ros2_opencv/install/ros2_opencv/share/ros2_opencv/hook/pythonpath.dsv'
[11.363s] INFO:colcon.colcon_core.shell:Creating environment hook '/home/epue/capstone.git/capstone/ws_ros2_opencv/install/ros2_opencv/share/ros2_opencv/hook/pythonpath.sh'
[11.369s] Level 1:colcon.colcon_core.environment:checking '/home/epue/capstone.git/capstone/ws_ros2_opencv/install/ros2_opencv/bin'
[11.371s] Level 1:colcon.colcon_core.environment:create_environment_scripts_only(ros2_opencv)
[11.373s] INFO:colcon.colcon_core.shell:Creating package script '/home/epue/capstone.git/capstone/ws_ros2_opencv/install/ros2_opencv/share/ros2_opencv/package.ps1'
[11.385s] INFO:colcon.colcon_core.shell:Creating package descriptor '/home/epue/capstone.git/capstone/ws_ros2_opencv/install/ros2_opencv/share/ros2_opencv/package.dsv'
[11.389s] INFO:colcon.colcon_core.shell:Creating package script '/home/epue/capstone.git/capstone/ws_ros2_opencv/install/ros2_opencv/share/ros2_opencv/package.sh'
[11.393s] INFO:colcon.colcon_core.shell:Creating package script '/home/epue/capstone.git/capstone/ws_ros2_opencv/install/ros2_opencv/share/ros2_opencv/package.bash'
[11.398s] INFO:colcon.colcon_core.shell:Creating package script '/home/epue/capstone.git/capstone/ws_ros2_opencv/install/ros2_opencv/share/ros2_opencv/package.zsh'
[11.403s] Level 1:colcon.colcon_core.environment:create_file_with_runtime_dependencies(/home/epue/capstone.git/capstone/ws_ros2_opencv/install/ros2_opencv/share/colcon-core/packages/ros2_opencv)
[11.405s] DEBUG:colcon.colcon_parallel_executor.executor.parallel:closing loop
[11.406s] DEBUG:colcon.colcon_parallel_executor.executor.parallel:loop closed
[11.406s] DEBUG:colcon.colcon_parallel_executor.executor.parallel:run_until_complete finished with '0'
[11.406s] DEBUG:colcon.colcon_core.event_reactor:joining thread
[11.513s] INFO:colcon.colcon_core.plugin_system:Skipping extension 'colcon_notification.desktop_notification.terminal_notifier': Not used on non-Darwin systems
[11.515s] INFO:colcon.colcon_core.plugin_system:Skipping extension 'colcon_notification.desktop_notification.win32': Not used on non-Windows systems
[11.516s] INFO:colcon.colcon_notification.desktop_notification:Sending desktop notification using 'notify2'
[11.523s] DEBUG:colcon.colcon_notification.desktop_notification.notify2:Failed to initialize notify2: org.freedesktop.DBus.Error.ServiceUnknown: The name org.freedesktop.Notifications was not provided by any .service files
[11.524s] DEBUG:colcon.colcon_core.event_reactor:joined thread
[11.526s] INFO:colcon.colcon_core.shell:Creating prefix script '/home/epue/capstone.git/capstone/ws_ros2_opencv/install/local_setup.ps1'
[11.536s] INFO:colcon.colcon_core.shell:Creating prefix util module '/home/epue/capstone.git/capstone/ws_ros2_opencv/install/_local_setup_util_ps1.py'
[11.547s] INFO:colcon.colcon_core.shell:Creating prefix chain script '/home/epue/capstone.git/capstone/ws_ros2_opencv/install/setup.ps1'
[11.557s] INFO:colcon.colcon_core.shell:Creating prefix script '/home/epue/capstone.git/capstone/ws_ros2_opencv/install/local_setup.sh'
[11.563s] INFO:colcon.colcon_core.shell:Creating prefix util module '/home/epue/capstone.git/capstone/ws_ros2_opencv/install/_local_setup_util_sh.py'
[11.569s] INFO:colcon.colcon_core.shell:Creating prefix chain script '/home/epue/capstone.git/capstone/ws_ros2_opencv/install/setup.sh'
[11.579s] INFO:colcon.colcon_core.shell:Creating prefix script '/home/epue/capstone.git/capstone/ws_ros2_opencv/install/local_setup.bash'
[11.585s] INFO:colcon.colcon_core.shell:Creating prefix chain script '/home/epue/capstone.git/capstone/ws_ros2_opencv/install/setup.bash'
[11.593s] INFO:colcon.colcon_core.shell:Creating prefix script '/home/epue/capstone.git/capstone/ws_ros2_opencv/install/local_setup.zsh'
[11.598s] INFO:colcon.colcon_core.shell:Creating prefix chain script '/home/epue/capstone.git/capstone/ws_ros2_opencv/install/setup.zsh'
