[2.049s] DEBUG:colcon:Command line arguments: ['/usr/bin/colcon', 'build']
[2.050s] DEBUG:colcon:Parsed command line arguments: Namespace(log_base=None, log_level=None, verb_name='build', build_base='build', install_base='install', merge_install=False, symlink_install=False, test_result_base=None, continue_on_error=False, executor='parallel', parallel_workers=4, event_handlers=None, ignore_user_meta=False, metas=['./colcon.meta'], base_paths=['.'], packages_ignore=None, packages_ignore_regex=None, paths=None, packages_up_to=None, packages_up_to_regex=None, packages_above=None, packages_above_and_dependencies=None, packages_above_depth=None, packages_select_by_dep=None, packages_skip_by_dep=None, packages_skip_up_to=None, packages_select_build_failed=False, packages_skip_build_finished=False, packages_select_test_failures=False, packages_skip_test_passed=False, packages_select=None, packages_skip=None, packages_select_regex=None, packages_skip_regex=None, packages_start=None, packages_end=None, allow_overriding=[], cmake_args=None, cmake_target=None, cmake_target_skip_unavailable=False, cmake_clean_cache=False, cmake_clean_first=False, cmake_force_configure=False, ament_cmake_args=None, catkin_cmake_args=None, catkin_skip_building_tests=False, verb_parser=<colcon_defaults.argument_parser.defaults.DefaultArgumentsDecorator object at 0xffffbaa315d0>, verb_extension=<colcon_core.verb.build.BuildVerb object at 0xffffbabe63b0>, main=<bound method BuildVerb.main of <colcon_core.verb.build.BuildVerb object at 0xffffbabe63b0>>)
[5.839s] Level 1:colcon.colcon_core.package_discovery:discover_packages(colcon_meta) check parameters
[5.849s] Level 1:colcon.colcon_core.package_discovery:discover_packages(recursive) check parameters
[5.850s] Level 1:colcon.colcon_core.package_discovery:discover_packages(ignore) check parameters
[5.851s] Level 1:colcon.colcon_core.package_discovery:discover_packages(path) check parameters
[5.852s] Level 1:colcon.colcon_core.package_discovery:discover_packages(colcon_meta) discover
[5.853s] Level 1:colcon.colcon_core.package_discovery:discover_packages(recursive) discover
[5.854s] INFO:colcon.colcon_core.package_discovery:Crawling recursively for packages in '/home/epue/capstone.git/capstone/ws_ros2_opencv'
[5.856s] Level 1:colcon.colcon_core.package_identification:_identify(.) by extensions ['ignore', 'ignore_ament_install']
[5.860s] Level 1:colcon.colcon_core.package_identification:_identify(.) by extension 'ignore'
[5.861s] Level 1:colcon.colcon_core.package_identification:_identify(.) by extension 'ignore_ament_install'
[5.868s] Level 1:colcon.colcon_core.package_identification:_identify(.) by extensions ['colcon_pkg']
[5.870s] Level 1:colcon.colcon_core.package_identification:_identify(.) by extension 'colcon_pkg'
[5.871s] Level 1:colcon.colcon_core.package_identification:_identify(.) by extensions ['colcon_meta']
[5.872s] Level 1:colcon.colcon_core.package_identification:_identify(.) by extension 'colcon_meta'
[5.873s] Level 1:colcon.colcon_core.package_identification:_identify(.) by extensions ['ros']
[5.874s] Level 1:colcon.colcon_core.package_identification:_identify(.) by extension 'ros'
[6.011s] Level 1:colcon.colcon_core.package_identification:_identify(.) by extensions ['cmake', 'python']
[6.013s] Level 1:colcon.colcon_core.package_identification:_identify(.) by extension 'cmake'
[6.015s] Level 1:colcon.colcon_core.package_identification:_identify(.) by extension 'python'
[6.016s] Level 1:colcon.colcon_core.package_identification:_identify(.) by extensions ['python_setup_py']
[6.018s] Level 1:colcon.colcon_core.package_identification:_identify(.) by extension 'python_setup_py'
[6.020s] Level 1:colcon.colcon_core.package_identification:_identify(build) by extensions ['ignore', 'ignore_ament_install']
[6.022s] Level 1:colcon.colcon_core.package_identification:_identify(build) by extension 'ignore'
[6.023s] Level 1:colcon.colcon_core.package_identification:_identify(build) ignored
[6.026s] Level 1:colcon.colcon_core.package_identification:_identify(install) by extensions ['ignore', 'ignore_ament_install']
[6.028s] Level 1:colcon.colcon_core.package_identification:_identify(install) by extension 'ignore'
[6.029s] Level 1:colcon.colcon_core.package_identification:_identify(install) ignored
[6.032s] Level 1:colcon.colcon_core.package_identification:_identify(log) by extensions ['ignore', 'ignore_ament_install']
[6.033s] Level 1:colcon.colcon_core.package_identification:_identify(log) by extension 'ignore'
[6.035s] Level 1:colcon.colcon_core.package_identification:_identify(log) ignored
[6.037s] Level 1:colcon.colcon_core.package_identification:_identify(src) by extensions ['ignore', 'ignore_ament_install']
[6.039s] Level 1:colcon.colcon_core.package_identification:_identify(src) by extension 'ignore'
[6.040s] Level 1:colcon.colcon_core.package_identification:_identify(src) by extension 'ignore_ament_install'
[6.042s] Level 1:colcon.colcon_core.package_identification:_identify(src) by extensions ['colcon_pkg']
[6.044s] Level 1:colcon.colcon_core.package_identification:_identify(src) by extension 'colcon_pkg'
[6.045s] Level 1:colcon.colcon_core.package_identification:_identify(src) by extensions ['colcon_meta']
[6.047s] Level 1:colcon.colcon_core.package_identification:_identify(src) by extension 'colcon_meta'
[6.048s] Level 1:colcon.colcon_core.package_identification:_identify(src) by extensions ['ros']
[6.050s] Level 1:colcon.colcon_core.package_identification:_identify(src) by extension 'ros'
[6.052s] Level 1:colcon.colcon_core.package_identification:_identify(src) by extensions ['cmake', 'python']
[6.053s] Level 1:colcon.colcon_core.package_identification:_identify(src) by extension 'cmake'
[6.054s] Level 1:colcon.colcon_core.package_identification:_identify(src) by extension 'python'
[6.056s] Level 1:colcon.colcon_core.package_identification:_identify(src) by extensions ['python_setup_py']
[6.057s] Level 1:colcon.colcon_core.package_identification:_identify(src) by extension 'python_setup_py'
[6.060s] Level 1:colcon.colcon_core.package_identification:_identify(src/ros2_opencv) by extensions ['ignore', 'ignore_ament_install']
[6.061s] Level 1:colcon.colcon_core.package_identification:_identify(src/ros2_opencv) by extension 'ignore'
[6.063s] Level 1:colcon.colcon_core.package_identification:_identify(src/ros2_opencv) by extension 'ignore_ament_install'
[6.065s] Level 1:colcon.colcon_core.package_identification:_identify(src/ros2_opencv) by extensions ['colcon_pkg']
[6.066s] Level 1:colcon.colcon_core.package_identification:_identify(src/ros2_opencv) by extension 'colcon_pkg'
[6.068s] Level 1:colcon.colcon_core.package_identification:_identify(src/ros2_opencv) by extensions ['colcon_meta']
[6.069s] Level 1:colcon.colcon_core.package_identification:_identify(src/ros2_opencv) by extension 'colcon_meta'
[6.070s] Level 1:colcon.colcon_core.package_identification:_identify(src/ros2_opencv) by extensions ['ros']
[6.071s] Level 1:colcon.colcon_core.package_identification:_identify(src/ros2_opencv) by extension 'ros'
[6.092s] DEBUG:colcon.colcon_core.package_identification:Package 'src/ros2_opencv' with type 'ros.ament_python' and name 'ros2_opencv'
[6.093s] Level 1:colcon.colcon_core.package_discovery:discover_packages(recursive) using defaults
[6.094s] Level 1:colcon.colcon_core.package_discovery:discover_packages(ignore) discover
[6.096s] Level 1:colcon.colcon_core.package_discovery:discover_packages(ignore) using defaults
[6.097s] Level 1:colcon.colcon_core.package_discovery:discover_packages(path) discover
[6.098s] Level 1:colcon.colcon_core.package_discovery:discover_packages(path) using defaults
[6.262s] Level 1:colcon.colcon_core.package_discovery:discover_packages(prefix_path) check parameters
[6.263s] Level 1:colcon.colcon_core.package_discovery:discover_packages(prefix_path) discover
[6.280s] WARNING:colcon.colcon_core.prefix_path.colcon:The path '/home/epue/capstone.git/capstone/ws_ros2_opencv/src/ros2_opencv/install' in the environment variable COLCON_PREFIX_PATH doesn't exist
[6.283s] WARNING:colcon.colcon_ros.prefix_path.ament:The path '/home/epue/capstone.git/capstone/ws_ros2_opencv/src/ros2_opencv/install/ros2_opencv' in the environment variable AMENT_PREFIX_PATH doesn't exist
[6.291s] DEBUG:colcon.colcon_installed_package_information.package_discovery:Found 1 installed packages in /home/epue/capstone.git/capstone/ws_ros2_opencv/install
[6.305s] DEBUG:colcon.colcon_installed_package_information.package_discovery:Found 281 installed packages in /opt/ros/iron
[6.344s] DEBUG:colcon.colcon_installed_package_information.package_discovery:Found 180 installed packages in /opt/ros/humble
[6.418s] Level 1:colcon.colcon_core.package_discovery:discover_packages(prefix_path) using defaults
[7.707s] Level 5:colcon.colcon_core.verb:set package 'ros2_opencv' build argument 'cmake_args' from command line to 'None'
[7.709s] Level 5:colcon.colcon_core.verb:set package 'ros2_opencv' build argument 'cmake_target' from command line to 'None'
[7.711s] Level 5:colcon.colcon_core.verb:set package 'ros2_opencv' build argument 'cmake_target_skip_unavailable' from command line to 'False'
[7.712s] Level 5:colcon.colcon_core.verb:set package 'ros2_opencv' build argument 'cmake_clean_cache' from command line to 'False'
[7.713s] Level 5:colcon.colcon_core.verb:set package 'ros2_opencv' build argument 'cmake_clean_first' from command line to 'False'
[7.714s] Level 5:colcon.colcon_core.verb:set package 'ros2_opencv' build argument 'cmake_force_configure' from command line to 'False'
[7.716s] Level 5:colcon.colcon_core.verb:set package 'ros2_opencv' build argument 'ament_cmake_args' from command line to 'None'
[7.717s] Level 5:colcon.colcon_core.verb:set package 'ros2_opencv' build argument 'catkin_cmake_args' from command line to 'None'
[7.718s] Level 5:colcon.colcon_core.verb:set package 'ros2_opencv' build argument 'catkin_skip_building_tests' from command line to 'False'
[7.719s] DEBUG:colcon.colcon_core.verb:Building package 'ros2_opencv' with the following arguments: {'ament_cmake_args': None, 'build_base': '/home/epue/capstone.git/capstone/ws_ros2_opencv/build/ros2_opencv', 'catkin_cmake_args': None, 'catkin_skip_building_tests': False, 'cmake_args': None, 'cmake_clean_cache': False, 'cmake_clean_first': False, 'cmake_force_configure': False, 'cmake_target': None, 'cmake_target_skip_unavailable': False, 'install_base': '/home/epue/capstone.git/capstone/ws_ros2_opencv/install/ros2_opencv', 'merge_install': False, 'path': '/home/epue/capstone.git/capstone/ws_ros2_opencv/src/ros2_opencv', 'symlink_install': False, 'test_result_base': None}
[7.721s] INFO:colcon.colcon_core.executor:Executing jobs using 'parallel' executor
[7.733s] DEBUG:colcon.colcon_parallel_executor.executor.parallel:run_until_complete
[7.734s] INFO:colcon.colcon_ros.task.ament_python.build:Building ROS package in '/home/epue/capstone.git/capstone/ws_ros2_opencv/src/ros2_opencv' with build type 'ament_python'
[7.735s] Level 1:colcon.colcon_core.shell:create_environment_hook('ros2_opencv', 'ament_prefix_path')
[7.768s] INFO:colcon.colcon_core.plugin_system:Skipping extension 'colcon_core.shell.bat': Not used on non-Windows systems
[7.782s] INFO:colcon.colcon_core.shell:Creating environment hook '/home/epue/capstone.git/capstone/ws_ros2_opencv/install/ros2_opencv/share/ros2_opencv/hook/ament_prefix_path.ps1'
[7.808s] INFO:colcon.colcon_core.shell:Creating environment descriptor '/home/epue/capstone.git/capstone/ws_ros2_opencv/install/ros2_opencv/share/ros2_opencv/hook/ament_prefix_path.dsv'
[7.813s] INFO:colcon.colcon_core.shell:Creating environment hook '/home/epue/capstone.git/capstone/ws_ros2_opencv/install/ros2_opencv/share/ros2_opencv/hook/ament_prefix_path.sh'
[7.834s] INFO:colcon.colcon_core.shell:Skip shell extension 'powershell' for command environment: Not usable outside of PowerShell
[7.836s] DEBUG:colcon.colcon_core.shell:Skip shell extension 'dsv' for command environment
[12.563s] INFO:colcon.colcon_core.task.python.build:Building Python package in '/home/epue/capstone.git/capstone/ws_ros2_opencv/src/ros2_opencv'
[12.566s] INFO:colcon.colcon_core.shell:Skip shell extension 'powershell' for command environment: Not usable outside of PowerShell
[12.567s] DEBUG:colcon.colcon_core.shell:Skip shell extension 'dsv' for command environment
[18.487s] DEBUG:colcon.colcon_core.event_handler.log_command:Invoking command in '/home/epue/capstone.git/capstone/ws_ros2_opencv/src/ros2_opencv': PYTHONPATH=/home/epue/capstone.git/capstone/ws_ros2_opencv/build/ros2_opencv/prefix_override:/usr/lib/python3/dist-packages/colcon_core/task/python/colcon_distutils_commands:/home/epue/capstone.git/capstone/ws_ros2_opencv/install/ros2_opencv/lib/python3.10/site-packages:${PYTHONPATH} /usr/bin/python3 -W ignore:setup.py install is deprecated setup.py egg_info --egg-base ../../build/ros2_opencv build --build-base /home/epue/capstone.git/capstone/ws_ros2_opencv/build/ros2_opencv/build install --record /home/epue/capstone.git/capstone/ws_ros2_opencv/build/ros2_opencv/install.log --single-version-externally-managed install_data
[33.199s] DEBUG:colcon.colcon_core.event_handler.log_command:Invoked command in '/home/epue/capstone.git/capstone/ws_ros2_opencv/src/ros2_opencv' returned '0': PYTHONPATH=/home/epue/capstone.git/capstone/ws_ros2_opencv/build/ros2_opencv/prefix_override:/usr/lib/python3/dist-packages/colcon_core/task/python/colcon_distutils_commands:/home/epue/capstone.git/capstone/ws_ros2_opencv/install/ros2_opencv/lib/python3.10/site-packages:${PYTHONPATH} /usr/bin/python3 -W ignore:setup.py install is deprecated setup.py egg_info --egg-base ../../build/ros2_opencv build --build-base /home/epue/capstone.git/capstone/ws_ros2_opencv/build/ros2_opencv/build install --record /home/epue/capstone.git/capstone/ws_ros2_opencv/build/ros2_opencv/install.log --single-version-externally-managed install_data
[33.280s] Level 1:colcon.colcon_core.environment:checking '/home/epue/capstone.git/capstone/ws_ros2_opencv/install/ros2_opencv' for CMake module files
[33.303s] Level 1:colcon.colcon_core.environment:checking '/home/epue/capstone.git/capstone/ws_ros2_opencv/install/ros2_opencv' for CMake config files
[33.338s] Level 1:colcon.colcon_core.environment:checking '/home/epue/capstone.git/capstone/ws_ros2_opencv/install/ros2_opencv/lib'
[33.358s] Level 1:colcon.colcon_core.environment:checking '/home/epue/capstone.git/capstone/ws_ros2_opencv/install/ros2_opencv/bin'
[33.360s] Level 1:colcon.colcon_core.environment:checking '/home/epue/capstone.git/capstone/ws_ros2_opencv/install/ros2_opencv/lib/pkgconfig/ros2_opencv.pc'
[33.374s] Level 1:colcon.colcon_core.environment:checking '/home/epue/capstone.git/capstone/ws_ros2_opencv/install/ros2_opencv/lib/python3.10/site-packages'
[33.376s] Level 1:colcon.colcon_core.shell:create_environment_hook('ros2_opencv', 'pythonpath')
[33.394s] INFO:colcon.colcon_core.shell:Creating environment hook '/home/epue/capstone.git/capstone/ws_ros2_opencv/install/ros2_opencv/share/ros2_opencv/hook/pythonpath.ps1'
[33.420s] INFO:colcon.colcon_core.shell:Creating environment descriptor '/home/epue/capstone.git/capstone/ws_ros2_opencv/install/ros2_opencv/share/ros2_opencv/hook/pythonpath.dsv'
[33.432s] INFO:colcon.colcon_core.shell:Creating environment hook '/home/epue/capstone.git/capstone/ws_ros2_opencv/install/ros2_opencv/share/ros2_opencv/hook/pythonpath.sh'
[33.449s] Level 1:colcon.colcon_core.environment:checking '/home/epue/capstone.git/capstone/ws_ros2_opencv/install/ros2_opencv/bin'
[33.461s] Level 1:colcon.colcon_core.environment:create_environment_scripts_only(ros2_opencv)
[33.465s] INFO:colcon.colcon_core.shell:Creating package script '/home/epue/capstone.git/capstone/ws_ros2_opencv/install/ros2_opencv/share/ros2_opencv/package.ps1'
[33.504s] INFO:colcon.colcon_core.shell:Creating package descriptor '/home/epue/capstone.git/capstone/ws_ros2_opencv/install/ros2_opencv/share/ros2_opencv/package.dsv'
[33.524s] INFO:colcon.colcon_core.shell:Creating package script '/home/epue/capstone.git/capstone/ws_ros2_opencv/install/ros2_opencv/share/ros2_opencv/package.sh'
[33.542s] INFO:colcon.colcon_core.shell:Creating package script '/home/epue/capstone.git/capstone/ws_ros2_opencv/install/ros2_opencv/share/ros2_opencv/package.bash'
[33.565s] INFO:colcon.colcon_core.shell:Creating package script '/home/epue/capstone.git/capstone/ws_ros2_opencv/install/ros2_opencv/share/ros2_opencv/package.zsh'
[33.580s] Level 1:colcon.colcon_core.environment:create_file_with_runtime_dependencies(/home/epue/capstone.git/capstone/ws_ros2_opencv/install/ros2_opencv/share/colcon-core/packages/ros2_opencv)
[33.609s] DEBUG:colcon.colcon_parallel_executor.executor.parallel:closing loop
[33.611s] DEBUG:colcon.colcon_parallel_executor.executor.parallel:loop closed
[33.616s] DEBUG:colcon.colcon_parallel_executor.executor.parallel:run_until_complete finished with '0'
[33.618s] DEBUG:colcon.colcon_core.event_reactor:joining thread
[33.707s] INFO:colcon.colcon_core.plugin_system:Skipping extension 'colcon_notification.desktop_notification.terminal_notifier': Not used on non-Darwin systems
[33.709s] INFO:colcon.colcon_core.plugin_system:Skipping extension 'colcon_notification.desktop_notification.win32': Not used on non-Windows systems
[33.710s] INFO:colcon.colcon_notification.desktop_notification:Sending desktop notification using 'notify2'
[34.032s] DEBUG:colcon.colcon_core.event_reactor:joined thread
[34.035s] INFO:colcon.colcon_core.shell:Creating prefix script '/home/epue/capstone.git/capstone/ws_ros2_opencv/install/local_setup.ps1'
[34.064s] INFO:colcon.colcon_core.shell:Creating prefix util module '/home/epue/capstone.git/capstone/ws_ros2_opencv/install/_local_setup_util_ps1.py'
[34.091s] INFO:colcon.colcon_core.shell:Creating prefix chain script '/home/epue/capstone.git/capstone/ws_ros2_opencv/install/setup.ps1'
[34.108s] INFO:colcon.colcon_core.shell:Creating prefix script '/home/epue/capstone.git/capstone/ws_ros2_opencv/install/local_setup.sh'
[34.116s] INFO:colcon.colcon_core.shell:Creating prefix util module '/home/epue/capstone.git/capstone/ws_ros2_opencv/install/_local_setup_util_sh.py'
[34.125s] INFO:colcon.colcon_core.shell:Creating prefix chain script '/home/epue/capstone.git/capstone/ws_ros2_opencv/install/setup.sh'
[34.142s] INFO:colcon.colcon_core.shell:Creating prefix script '/home/epue/capstone.git/capstone/ws_ros2_opencv/install/local_setup.bash'
[34.150s] INFO:colcon.colcon_core.shell:Creating prefix chain script '/home/epue/capstone.git/capstone/ws_ros2_opencv/install/setup.bash'
[34.169s] INFO:colcon.colcon_core.shell:Creating prefix script '/home/epue/capstone.git/capstone/ws_ros2_opencv/install/local_setup.zsh'
[34.178s] INFO:colcon.colcon_core.shell:Creating prefix chain script '/home/epue/capstone.git/capstone/ws_ros2_opencv/install/setup.zsh'
