[1.106s] DEBUG:colcon:Command line arguments: ['/usr/bin/colcon', 'build']
[1.107s] DEBUG:colcon:Parsed command line arguments: Namespace(log_base=None, log_level=None, verb_name='build', build_base='build', install_base='install', merge_install=False, symlink_install=False, test_result_base=None, continue_on_error=False, executor='parallel', parallel_workers=4, event_handlers=None, ignore_user_meta=False, metas=['./colcon.meta'], base_paths=['.'], packages_ignore=None, packages_ignore_regex=None, paths=None, packages_up_to=None, packages_up_to_regex=None, packages_above=None, packages_above_and_dependencies=None, packages_above_depth=None, packages_select_by_dep=None, packages_skip_by_dep=None, packages_skip_up_to=None, packages_select_build_failed=False, packages_skip_build_finished=False, packages_select_test_failures=False, packages_skip_test_passed=False, packages_select=None, packages_skip=None, packages_select_regex=None, packages_skip_regex=None, packages_start=None, packages_end=None, allow_overriding=[], cmake_args=None, cmake_target=None, cmake_target_skip_unavailable=False, cmake_clean_cache=False, cmake_clean_first=False, cmake_force_configure=False, ament_cmake_args=None, catkin_cmake_args=None, catkin_skip_building_tests=False, verb_parser=<colcon_defaults.argument_parser.defaults.DefaultArgumentsDecorator object at 0xffff9e00d000>, verb_extension=<colcon_core.verb.build.BuildVerb object at 0xffff9e00cbb0>, main=<bound method BuildVerb.main of <colcon_core.verb.build.BuildVerb object at 0xffff9e00cbb0>>)
[1.496s] Level 1:colcon.colcon_core.package_discovery:discover_packages(colcon_meta) check parameters
[1.496s] Level 1:colcon.colcon_core.package_discovery:discover_packages(recursive) check parameters
[1.497s] Level 1:colcon.colcon_core.package_discovery:discover_packages(ignore) check parameters
[1.497s] Level 1:colcon.colcon_core.package_discovery:discover_packages(path) check parameters
[1.497s] Level 1:colcon.colcon_core.package_discovery:discover_packages(colcon_meta) discover
[1.497s] Level 1:colcon.colcon_core.package_discovery:discover_packages(recursive) discover
[1.497s] INFO:colcon.colcon_core.package_discovery:Crawling recursively for packages in '/home/epue/capstone.git/capstone/ws_ros2_opencv'
[1.498s] Level 1:colcon.colcon_core.package_identification:_identify(.) by extensions ['ignore', 'ignore_ament_install']
[1.499s] Level 1:colcon.colcon_core.package_identification:_identify(.) by extension 'ignore'
[1.499s] Level 1:colcon.colcon_core.package_identification:_identify(.) by extension 'ignore_ament_install'
[1.499s] Level 1:colcon.colcon_core.package_identification:_identify(.) by extensions ['colcon_pkg']
[1.499s] Level 1:colcon.colcon_core.package_identification:_identify(.) by extension 'colcon_pkg'
[1.500s] Level 1:colcon.colcon_core.package_identification:_identify(.) by extensions ['colcon_meta']
[1.500s] Level 1:colcon.colcon_core.package_identification:_identify(.) by extension 'colcon_meta'
[1.500s] Level 1:colcon.colcon_core.package_identification:_identify(.) by extensions ['ros']
[1.500s] Level 1:colcon.colcon_core.package_identification:_identify(.) by extension 'ros'
[1.583s] Level 1:colcon.colcon_core.package_identification:_identify(.) by extensions ['cmake', 'python']
[1.584s] Level 1:colcon.colcon_core.package_identification:_identify(.) by extension 'cmake'
[1.584s] Level 1:colcon.colcon_core.package_identification:_identify(.) by extension 'python'
[1.584s] Level 1:colcon.colcon_core.package_identification:_identify(.) by extensions ['python_setup_py']
[1.584s] Level 1:colcon.colcon_core.package_identification:_identify(.) by extension 'python_setup_py'
[1.585s] Level 1:colcon.colcon_core.package_identification:_identify(build) by extensions ['ignore', 'ignore_ament_install']
[1.585s] Level 1:colcon.colcon_core.package_identification:_identify(build) by extension 'ignore'
[1.586s] Level 1:colcon.colcon_core.package_identification:_identify(build) ignored
[1.586s] Level 1:colcon.colcon_core.package_identification:_identify(install) by extensions ['ignore', 'ignore_ament_install']
[1.587s] Level 1:colcon.colcon_core.package_identification:_identify(install) by extension 'ignore'
[1.587s] Level 1:colcon.colcon_core.package_identification:_identify(install) ignored
[1.591s] Level 1:colcon.colcon_core.package_identification:_identify(log) by extensions ['ignore', 'ignore_ament_install']
[1.591s] Level 1:colcon.colcon_core.package_identification:_identify(log) by extension 'ignore'
[1.591s] Level 1:colcon.colcon_core.package_identification:_identify(log) ignored
[1.592s] Level 1:colcon.colcon_core.package_identification:_identify(src) by extensions ['ignore', 'ignore_ament_install']
[1.592s] Level 1:colcon.colcon_core.package_identification:_identify(src) by extension 'ignore'
[1.592s] Level 1:colcon.colcon_core.package_identification:_identify(src) by extension 'ignore_ament_install'
[1.593s] Level 1:colcon.colcon_core.package_identification:_identify(src) by extensions ['colcon_pkg']
[1.593s] Level 1:colcon.colcon_core.package_identification:_identify(src) by extension 'colcon_pkg'
[1.593s] Level 1:colcon.colcon_core.package_identification:_identify(src) by extensions ['colcon_meta']
[1.593s] Level 1:colcon.colcon_core.package_identification:_identify(src) by extension 'colcon_meta'
[1.593s] Level 1:colcon.colcon_core.package_identification:_identify(src) by extensions ['ros']
[1.594s] Level 1:colcon.colcon_core.package_identification:_identify(src) by extension 'ros'
[1.594s] Level 1:colcon.colcon_core.package_identification:_identify(src) by extensions ['cmake', 'python']
[1.594s] Level 1:colcon.colcon_core.package_identification:_identify(src) by extension 'cmake'
[1.594s] Level 1:colcon.colcon_core.package_identification:_identify(src) by extension 'python'
[1.595s] Level 1:colcon.colcon_core.package_identification:_identify(src) by extensions ['python_setup_py']
[1.595s] Level 1:colcon.colcon_core.package_identification:_identify(src) by extension 'python_setup_py'
[1.595s] Level 1:colcon.colcon_core.package_identification:_identify(src/ros2_opencv) by extensions ['ignore', 'ignore_ament_install']
[1.596s] Level 1:colcon.colcon_core.package_identification:_identify(src/ros2_opencv) by extension 'ignore'
[1.596s] Level 1:colcon.colcon_core.package_identification:_identify(src/ros2_opencv) by extension 'ignore_ament_install'
[1.596s] Level 1:colcon.colcon_core.package_identification:_identify(src/ros2_opencv) by extensions ['colcon_pkg']
[1.596s] Level 1:colcon.colcon_core.package_identification:_identify(src/ros2_opencv) by extension 'colcon_pkg'
[1.597s] Level 1:colcon.colcon_core.package_identification:_identify(src/ros2_opencv) by extensions ['colcon_meta']
[1.597s] Level 1:colcon.colcon_core.package_identification:_identify(src/ros2_opencv) by extension 'colcon_meta'
[1.597s] Level 1:colcon.colcon_core.package_identification:_identify(src/ros2_opencv) by extensions ['ros']
[1.597s] Level 1:colcon.colcon_core.package_identification:_identify(src/ros2_opencv) by extension 'ros'
[1.613s] DEBUG:colcon.colcon_core.package_identification:Package 'src/ros2_opencv' with type 'ros.ament_python' and name 'ros2_opencv'
[1.613s] Level 1:colcon.colcon_core.package_discovery:discover_packages(recursive) using defaults
[1.613s] Level 1:colcon.colcon_core.package_discovery:discover_packages(ignore) discover
[1.613s] Level 1:colcon.colcon_core.package_discovery:discover_packages(ignore) using defaults
[1.613s] Level 1:colcon.colcon_core.package_discovery:discover_packages(path) discover
[1.614s] Level 1:colcon.colcon_core.package_discovery:discover_packages(path) using defaults
[2.016s] Level 1:colcon.colcon_core.package_discovery:discover_packages(prefix_path) check parameters
[2.016s] Level 1:colcon.colcon_core.package_discovery:discover_packages(prefix_path) discover
[2.041s] DEBUG:colcon.colcon_installed_package_information.package_discovery:Found 324 installed packages in /opt/ros/iron
[2.055s] DEBUG:colcon.colcon_installed_package_information.package_discovery:Found 180 installed packages in /opt/ros/humble
[2.092s] Level 1:colcon.colcon_core.package_discovery:discover_packages(prefix_path) using defaults
[2.494s] Level 5:colcon.colcon_core.verb:set package 'ros2_opencv' build argument 'cmake_args' from command line to 'None'
[2.495s] Level 5:colcon.colcon_core.verb:set package 'ros2_opencv' build argument 'cmake_target' from command line to 'None'
[2.495s] Level 5:colcon.colcon_core.verb:set package 'ros2_opencv' build argument 'cmake_target_skip_unavailable' from command line to 'False'
[2.495s] Level 5:colcon.colcon_core.verb:set package 'ros2_opencv' build argument 'cmake_clean_cache' from command line to 'False'
[2.495s] Level 5:colcon.colcon_core.verb:set package 'ros2_opencv' build argument 'cmake_clean_first' from command line to 'False'
[2.495s] Level 5:colcon.colcon_core.verb:set package 'ros2_opencv' build argument 'cmake_force_configure' from command line to 'False'
[2.495s] Level 5:colcon.colcon_core.verb:set package 'ros2_opencv' build argument 'ament_cmake_args' from command line to 'None'
[2.496s] Level 5:colcon.colcon_core.verb:set package 'ros2_opencv' build argument 'catkin_cmake_args' from command line to 'None'
[2.496s] Level 5:colcon.colcon_core.verb:set package 'ros2_opencv' build argument 'catkin_skip_building_tests' from command line to 'False'
[2.496s] DEBUG:colcon.colcon_core.verb:Building package 'ros2_opencv' with the following arguments: {'ament_cmake_args': None, 'build_base': '/home/epue/capstone.git/capstone/ws_ros2_opencv/build/ros2_opencv', 'catkin_cmake_args': None, 'catkin_skip_building_tests': False, 'cmake_args': None, 'cmake_clean_cache': False, 'cmake_clean_first': False, 'cmake_force_configure': False, 'cmake_target': None, 'cmake_target_skip_unavailable': False, 'install_base': '/home/epue/capstone.git/capstone/ws_ros2_opencv/install/ros2_opencv', 'merge_install': False, 'path': '/home/epue/capstone.git/capstone/ws_ros2_opencv/src/ros2_opencv', 'symlink_install': False, 'test_result_base': None}
[2.496s] INFO:colcon.colcon_core.executor:Executing jobs using 'parallel' executor
[2.500s] DEBUG:colcon.colcon_parallel_executor.executor.parallel:run_until_complete
[2.501s] INFO:colcon.colcon_ros.task.ament_python.build:Building ROS package in '/home/epue/capstone.git/capstone/ws_ros2_opencv/src/ros2_opencv' with build type 'ament_python'
[2.502s] Level 1:colcon.colcon_core.shell:create_environment_hook('ros2_opencv', 'ament_prefix_path')
[2.518s] INFO:colcon.colcon_core.plugin_system:Skipping extension 'colcon_core.shell.bat': Not used on non-Windows systems
[2.519s] INFO:colcon.colcon_core.shell:Creating environment hook '/home/epue/capstone.git/capstone/ws_ros2_opencv/install/ros2_opencv/share/ros2_opencv/hook/ament_prefix_path.ps1'
[2.523s] INFO:colcon.colcon_core.shell:Creating environment descriptor '/home/epue/capstone.git/capstone/ws_ros2_opencv/install/ros2_opencv/share/ros2_opencv/hook/ament_prefix_path.dsv'
[2.528s] INFO:colcon.colcon_core.shell:Creating environment hook '/home/epue/capstone.git/capstone/ws_ros2_opencv/install/ros2_opencv/share/ros2_opencv/hook/ament_prefix_path.sh'
[2.533s] INFO:colcon.colcon_core.shell:Skip shell extension 'powershell' for command environment: Not usable outside of PowerShell
[2.533s] DEBUG:colcon.colcon_core.shell:Skip shell extension 'dsv' for command environment
[4.163s] INFO:colcon.colcon_core.task.python.build:Building Python package in '/home/epue/capstone.git/capstone/ws_ros2_opencv/src/ros2_opencv'
[4.166s] INFO:colcon.colcon_core.shell:Skip shell extension 'powershell' for command environment: Not usable outside of PowerShell
[4.167s] DEBUG:colcon.colcon_core.shell:Skip shell extension 'dsv' for command environment
[8.363s] DEBUG:colcon.colcon_core.event_handler.log_command:Invoking command in '/home/epue/capstone.git/capstone/ws_ros2_opencv/src/ros2_opencv': PYTHONPATH=/home/epue/capstone.git/capstone/ws_ros2_opencv/build/ros2_opencv/prefix_override:/usr/lib/python3/dist-packages/colcon_core/task/python/colcon_distutils_commands:/home/epue/capstone.git/capstone/ws_ros2_opencv/install/ros2_opencv/lib/python3.10/site-packages:${PYTHONPATH} /usr/bin/python3 -W ignore:setup.py install is deprecated setup.py egg_info --egg-base ../../build/ros2_opencv build --build-base /home/epue/capstone.git/capstone/ws_ros2_opencv/build/ros2_opencv/build install --record /home/epue/capstone.git/capstone/ws_ros2_opencv/build/ros2_opencv/install.log --single-version-externally-managed install_data
[12.522s] DEBUG:colcon.colcon_core.event_handler.log_command:Invoked command in '/home/epue/capstone.git/capstone/ws_ros2_opencv/src/ros2_opencv' returned '0': PYTHONPATH=/home/epue/capstone.git/capstone/ws_ros2_opencv/build/ros2_opencv/prefix_override:/usr/lib/python3/dist-packages/colcon_core/task/python/colcon_distutils_commands:/home/epue/capstone.git/capstone/ws_ros2_opencv/install/ros2_opencv/lib/python3.10/site-packages:${PYTHONPATH} /usr/bin/python3 -W ignore:setup.py install is deprecated setup.py egg_info --egg-base ../../build/ros2_opencv build --build-base /home/epue/capstone.git/capstone/ws_ros2_opencv/build/ros2_opencv/build install --record /home/epue/capstone.git/capstone/ws_ros2_opencv/build/ros2_opencv/install.log --single-version-externally-managed install_data
[12.547s] Level 1:colcon.colcon_core.environment:checking '/home/epue/capstone.git/capstone/ws_ros2_opencv/install/ros2_opencv' for CMake module files
[12.552s] Level 1:colcon.colcon_core.environment:checking '/home/epue/capstone.git/capstone/ws_ros2_opencv/install/ros2_opencv' for CMake config files
[12.556s] Level 1:colcon.colcon_core.environment:checking '/home/epue/capstone.git/capstone/ws_ros2_opencv/install/ros2_opencv/lib'
[12.557s] Level 1:colcon.colcon_core.environment:checking '/home/epue/capstone.git/capstone/ws_ros2_opencv/install/ros2_opencv/bin'
[12.558s] Level 1:colcon.colcon_core.environment:checking '/home/epue/capstone.git/capstone/ws_ros2_opencv/install/ros2_opencv/lib/pkgconfig/ros2_opencv.pc'
[12.559s] Level 1:colcon.colcon_core.environment:checking '/home/epue/capstone.git/capstone/ws_ros2_opencv/install/ros2_opencv/lib/python3.10/site-packages'
[12.559s] Level 1:colcon.colcon_core.shell:create_environment_hook('ros2_opencv', 'pythonpath')
[12.560s] INFO:colcon.colcon_core.shell:Creating environment hook '/home/epue/capstone.git/capstone/ws_ros2_opencv/install/ros2_opencv/share/ros2_opencv/hook/pythonpath.ps1'
[12.562s] INFO:colcon.colcon_core.shell:Creating environment descriptor '/home/epue/capstone.git/capstone/ws_ros2_opencv/install/ros2_opencv/share/ros2_opencv/hook/pythonpath.dsv'
[12.564s] INFO:colcon.colcon_core.shell:Creating environment hook '/home/epue/capstone.git/capstone/ws_ros2_opencv/install/ros2_opencv/share/ros2_opencv/hook/pythonpath.sh'
[12.567s] Level 1:colcon.colcon_core.environment:checking '/home/epue/capstone.git/capstone/ws_ros2_opencv/install/ros2_opencv/bin'
[12.568s] Level 1:colcon.colcon_core.environment:create_environment_scripts_only(ros2_opencv)
[12.569s] INFO:colcon.colcon_core.shell:Creating package script '/home/epue/capstone.git/capstone/ws_ros2_opencv/install/ros2_opencv/share/ros2_opencv/package.ps1'
[12.574s] INFO:colcon.colcon_core.shell:Creating package descriptor '/home/epue/capstone.git/capstone/ws_ros2_opencv/install/ros2_opencv/share/ros2_opencv/package.dsv'
[12.579s] INFO:colcon.colcon_core.shell:Creating package script '/home/epue/capstone.git/capstone/ws_ros2_opencv/install/ros2_opencv/share/ros2_opencv/package.sh'
[12.585s] INFO:colcon.colcon_core.shell:Creating package script '/home/epue/capstone.git/capstone/ws_ros2_opencv/install/ros2_opencv/share/ros2_opencv/package.bash'
[12.593s] INFO:colcon.colcon_core.shell:Creating package script '/home/epue/capstone.git/capstone/ws_ros2_opencv/install/ros2_opencv/share/ros2_opencv/package.zsh'
[12.599s] Level 1:colcon.colcon_core.environment:create_file_with_runtime_dependencies(/home/epue/capstone.git/capstone/ws_ros2_opencv/install/ros2_opencv/share/colcon-core/packages/ros2_opencv)
[12.600s] DEBUG:colcon.colcon_parallel_executor.executor.parallel:closing loop
[12.602s] DEBUG:colcon.colcon_parallel_executor.executor.parallel:loop closed
[12.602s] DEBUG:colcon.colcon_parallel_executor.executor.parallel:run_until_complete finished with '0'
[12.603s] DEBUG:colcon.colcon_core.event_reactor:joining thread
[12.676s] INFO:colcon.colcon_core.plugin_system:Skipping extension 'colcon_notification.desktop_notification.terminal_notifier': Not used on non-Darwin systems
[12.676s] INFO:colcon.colcon_core.plugin_system:Skipping extension 'colcon_notification.desktop_notification.win32': Not used on non-Windows systems
[12.677s] INFO:colcon.colcon_notification.desktop_notification:Sending desktop notification using 'notify2'
[12.682s] DEBUG:colcon.colcon_notification.desktop_notification.notify2:Failed to initialize notify2: org.freedesktop.DBus.Error.ServiceUnknown: The name org.freedesktop.Notifications was not provided by any .service files
[12.683s] DEBUG:colcon.colcon_core.event_reactor:joined thread
[12.684s] INFO:colcon.colcon_core.shell:Creating prefix script '/home/epue/capstone.git/capstone/ws_ros2_opencv/install/local_setup.ps1'
[12.689s] INFO:colcon.colcon_core.shell:Creating prefix util module '/home/epue/capstone.git/capstone/ws_ros2_opencv/install/_local_setup_util_ps1.py'
[12.697s] INFO:colcon.colcon_core.shell:Creating prefix chain script '/home/epue/capstone.git/capstone/ws_ros2_opencv/install/setup.ps1'
[12.702s] INFO:colcon.colcon_core.shell:Creating prefix script '/home/epue/capstone.git/capstone/ws_ros2_opencv/install/local_setup.sh'
[12.706s] INFO:colcon.colcon_core.shell:Creating prefix util module '/home/epue/capstone.git/capstone/ws_ros2_opencv/install/_local_setup_util_sh.py'
[12.709s] INFO:colcon.colcon_core.shell:Creating prefix chain script '/home/epue/capstone.git/capstone/ws_ros2_opencv/install/setup.sh'
[12.715s] INFO:colcon.colcon_core.shell:Creating prefix script '/home/epue/capstone.git/capstone/ws_ros2_opencv/install/local_setup.bash'
[12.719s] INFO:colcon.colcon_core.shell:Creating prefix chain script '/home/epue/capstone.git/capstone/ws_ros2_opencv/install/setup.bash'
[12.725s] INFO:colcon.colcon_core.shell:Creating prefix script '/home/epue/capstone.git/capstone/ws_ros2_opencv/install/local_setup.zsh'
[12.730s] INFO:colcon.colcon_core.shell:Creating prefix chain script '/home/epue/capstone.git/capstone/ws_ros2_opencv/install/setup.zsh'
