[5.318s] Invoking command in '/home/epue/capstone.git/capstone/ws_ros2_opencv/src/ros2_opencv': PYTHONPATH=/home/epue/capstone.git/capstone/ws_ros2_opencv/build/ros2_opencv/prefix_override:/usr/lib/python3/dist-packages/colcon_core/task/python/colcon_distutils_commands:/home/epue/capstone.git/capstone/ws_ros2_opencv/install/ros2_opencv/lib/python3.10/site-packages:${PYTHONPATH} /usr/bin/python3 -W ignore:setup.py install is deprecated setup.py egg_info --egg-base ../../build/ros2_opencv build --build-base /home/epue/capstone.git/capstone/ws_ros2_opencv/build/ros2_opencv/build install --record /home/epue/capstone.git/capstone/ws_ros2_opencv/build/ros2_opencv/install.log --single-version-externally-managed install_data
[6.891s] running egg_info
[7.033s] writing ../../build/ros2_opencv/ros2_opencv.egg-info/PKG-INFO
[7.037s] writing dependency_links to ../../build/ros2_opencv/ros2_opencv.egg-info/dependency_links.txt
[7.040s] writing entry points to ../../build/ros2_opencv/ros2_opencv.egg-info/entry_points.txt
[7.043s] writing requirements to ../../build/ros2_opencv/ros2_opencv.egg-info/requires.txt
[7.046s] writing top-level names to ../../build/ros2_opencv/ros2_opencv.egg-info/top_level.txt
[7.358s] reading manifest file '../../build/ros2_opencv/ros2_opencv.egg-info/SOURCES.txt'
[7.366s] writing manifest file '../../build/ros2_opencv/ros2_opencv.egg-info/SOURCES.txt'
[7.367s] running build
[7.368s] running build_py
[7.370s] copying ros2_opencv/detection_display.py -> /home/epue/capstone.git/capstone/ws_ros2_opencv/build/ros2_opencv/build/lib/ros2_opencv
[7.372s] copying ros2_opencv/road_detect1.py -> /home/epue/capstone.git/capstone/ws_ros2_opencv/build/ros2_opencv/build/lib/ros2_opencv
[7.374s] copying ros2_opencv/object_detection.py -> /home/epue/capstone.git/capstone/ws_ros2_opencv/build/ros2_opencv/build/lib/ros2_opencv
[7.376s] copying ros2_opencv/cameraPublisher.py -> /home/epue/capstone.git/capstone/ws_ros2_opencv/build/ros2_opencv/build/lib/ros2_opencv
[7.378s] copying ros2_opencv/steer.py -> /home/epue/capstone.git/capstone/ws_ros2_opencv/build/ros2_opencv/build/lib/ros2_opencv
[7.380s] copying ros2_opencv/ultrasonic_avoidance.py -> /home/epue/capstone.git/capstone/ws_ros2_opencv/build/ros2_opencv/build/lib/ros2_opencv
[7.382s] copying ros2_opencv/road_detect.py -> /home/epue/capstone.git/capstone/ws_ros2_opencv/build/ros2_opencv/build/lib/ros2_opencv
[7.384s] copying ros2_opencv/subscriberimage.py -> /home/epue/capstone.git/capstone/ws_ros2_opencv/build/ros2_opencv/build/lib/ros2_opencv
[7.386s] copying ros2_opencv/__init__.py -> /home/epue/capstone.git/capstone/ws_ros2_opencv/build/ros2_opencv/build/lib/ros2_opencv
[7.389s] copying ros2_opencv/driving.py -> /home/epue/capstone.git/capstone/ws_ros2_opencv/build/ros2_opencv/build/lib/ros2_opencv
[7.389s] copying ros2_opencv/object_detection_ssd_lite.py -> /home/epue/capstone.git/capstone/ws_ros2_opencv/build/ros2_opencv/build/lib/ros2_opencv
[7.392s] copying ros2_opencv/object_detection_yolo.py -> /home/epue/capstone.git/capstone/ws_ros2_opencv/build/ros2_opencv/build/lib/ros2_opencv
[7.394s] copying ros2_opencv/beginstop.py -> /home/epue/capstone.git/capstone/ws_ros2_opencv/build/ros2_opencv/build/lib/ros2_opencv
[7.398s] running install
[7.419s] running install_lib
[7.513s] running install_data
[7.515s] copying resource/ros2_opencv -> /home/epue/capstone.git/capstone/ws_ros2_opencv/install/ros2_opencv/share/ament_index/resource_index/packages
[7.517s] copying package.xml -> /home/epue/capstone.git/capstone/ws_ros2_opencv/install/ros2_opencv/share/ros2_opencv
[7.519s] copying launch/camera_launch.launch.py -> /home/epue/capstone.git/capstone/ws_ros2_opencv/install/ros2_opencv/share/ros2_opencv/launch
[7.521s] running install_egg_info
[7.616s] removing '/home/epue/capstone.git/capstone/ws_ros2_opencv/install/ros2_opencv/lib/python3.10/site-packages/ros2_opencv-0.0.0-py3.10.egg-info' (and everything under it)
[7.618s] Copying ../../build/ros2_opencv/ros2_opencv.egg-info to /home/epue/capstone.git/capstone/ws_ros2_opencv/install/ros2_opencv/lib/python3.10/site-packages/ros2_opencv-0.0.0-py3.10.egg-info
[7.626s] running install_scripts
[8.711s] Installing driver_node script to /home/epue/capstone.git/capstone/ws_ros2_opencv/install/ros2_opencv/lib/ros2_opencv
[8.713s] Installing image_display_node script to /home/epue/capstone.git/capstone/ws_ros2_opencv/install/ros2_opencv/lib/ros2_opencv
[8.714s] Installing lane_detection_node script to /home/epue/capstone.git/capstone/ws_ros2_opencv/install/ros2_opencv/lib/ros2_opencv
[8.715s] Installing object_detection_node script to /home/epue/capstone.git/capstone/ws_ros2_opencv/install/ros2_opencv/lib/ros2_opencv
[8.716s] Installing obstacle_avoidance script to /home/epue/capstone.git/capstone/ws_ros2_opencv/install/ros2_opencv/lib/ros2_opencv
[8.717s] Installing publisher_node script to /home/epue/capstone.git/capstone/ws_ros2_opencv/install/ros2_opencv/lib/ros2_opencv
[8.718s] Installing steering_node script to /home/epue/capstone.git/capstone/ws_ros2_opencv/install/ros2_opencv/lib/ros2_opencv
[8.719s] Installing stop_sign_detection script to /home/epue/capstone.git/capstone/ws_ros2_opencv/install/ros2_opencv/lib/ros2_opencv
[8.720s] Installing subscriber_node script to /home/epue/capstone.git/capstone/ws_ros2_opencv/install/ros2_opencv/lib/ros2_opencv
[8.723s] writing list of installed files to '/home/epue/capstone.git/capstone/ws_ros2_opencv/build/ros2_opencv/install.log'
[8.866s] Invoked command in '/home/epue/capstone.git/capstone/ws_ros2_opencv/src/ros2_opencv' returned '0': PYTHONPATH=/home/epue/capstone.git/capstone/ws_ros2_opencv/build/ros2_opencv/prefix_override:/usr/lib/python3/dist-packages/colcon_core/task/python/colcon_distutils_commands:/home/epue/capstone.git/capstone/ws_ros2_opencv/install/ros2_opencv/lib/python3.10/site-packages:${PYTHONPATH} /usr/bin/python3 -W ignore:setup.py install is deprecated setup.py egg_info --egg-base ../../build/ros2_opencv build --build-base /home/epue/capstone.git/capstone/ws_ros2_opencv/build/ros2_opencv/build install --record /home/epue/capstone.git/capstone/ws_ros2_opencv/build/ros2_opencv/install.log --single-version-externally-managed install_data
