[1.364s] DEBUG:colcon:Command line arguments: ['/usr/bin/colcon', 'build']
[1.364s] DEBUG:colcon:Parsed command line arguments: Namespace(log_base=None, log_level=None, verb_name='build', build_base='build', install_base='install', merge_install=False, symlink_install=False, test_result_base=None, continue_on_error=False, executor='parallel', parallel_workers=4, event_handlers=None, ignore_user_meta=False, metas=['./colcon.meta'], base_paths=['.'], packages_ignore=None, packages_ignore_regex=None, paths=None, packages_up_to=None, packages_up_to_regex=None, packages_above=None, packages_above_and_dependencies=None, packages_above_depth=None, packages_select_by_dep=None, packages_skip_by_dep=None, packages_skip_up_to=None, packages_select_build_failed=False, packages_skip_build_finished=False, packages_select_test_failures=False, packages_skip_test_passed=False, packages_select=None, packages_skip=None, packages_select_regex=None, packages_skip_regex=None, packages_start=None, packages_end=None, allow_overriding=[], cmake_args=None, cmake_target=None, cmake_target_skip_unavailable=False, cmake_clean_cache=False, cmake_clean_first=False, cmake_force_configure=False, ament_cmake_args=None, catkin_cmake_args=None, catkin_skip_building_tests=False, verb_parser=<colcon_defaults.argument_parser.defaults.DefaultArgumentsDecorator object at 0xffffa83892a0>, verb_extension=<colcon_core.verb.build.BuildVerb object at 0xffffa8388e50>, main=<bound method BuildVerb.main of <colcon_core.verb.build.BuildVerb object at 0xffffa8388e50>>)
[1.667s] Level 1:colcon.colcon_core.package_discovery:discover_packages(colcon_meta) check parameters
[1.668s] Level 1:colcon.colcon_core.package_discovery:discover_packages(recursive) check parameters
[1.668s] Level 1:colcon.colcon_core.package_discovery:discover_packages(ignore) check parameters
[1.669s] Level 1:colcon.colcon_core.package_discovery:discover_packages(path) check parameters
[1.669s] Level 1:colcon.colcon_core.package_discovery:discover_packages(colcon_meta) discover
[1.669s] Level 1:colcon.colcon_core.package_discovery:discover_packages(recursive) discover
[1.669s] INFO:colcon.colcon_core.package_discovery:Crawling recursively for packages in '/home/epue/capstone.git/capstone/ws_ros2_opencv'
[1.670s] Level 1:colcon.colcon_core.package_identification:_identify(.) by extensions ['ignore', 'ignore_ament_install']
[1.670s] Level 1:colcon.colcon_core.package_identification:_identify(.) by extension 'ignore'
[1.671s] Level 1:colcon.colcon_core.package_identification:_identify(.) by extension 'ignore_ament_install'
[1.671s] Level 1:colcon.colcon_core.package_identification:_identify(.) by extensions ['colcon_pkg']
[1.671s] Level 1:colcon.colcon_core.package_identification:_identify(.) by extension 'colcon_pkg'
[1.671s] Level 1:colcon.colcon_core.package_identification:_identify(.) by extensions ['colcon_meta']
[1.671s] Level 1:colcon.colcon_core.package_identification:_identify(.) by extension 'colcon_meta'
[1.672s] Level 1:colcon.colcon_core.package_identification:_identify(.) by extensions ['ros']
[1.672s] Level 1:colcon.colcon_core.package_identification:_identify(.) by extension 'ros'
[1.741s] Level 1:colcon.colcon_core.package_identification:_identify(.) by extensions ['cmake', 'python']
[1.741s] Level 1:colcon.colcon_core.package_identification:_identify(.) by extension 'cmake'
[1.741s] Level 1:colcon.colcon_core.package_identification:_identify(.) by extension 'python'
[1.741s] Level 1:colcon.colcon_core.package_identification:_identify(.) by extensions ['python_setup_py']
[1.742s] Level 1:colcon.colcon_core.package_identification:_identify(.) by extension 'python_setup_py'
[1.742s] Level 1:colcon.colcon_core.package_identification:_identify(build) by extensions ['ignore', 'ignore_ament_install']
[1.743s] Level 1:colcon.colcon_core.package_identification:_identify(build) by extension 'ignore'
[1.743s] Level 1:colcon.colcon_core.package_identification:_identify(build) ignored
[1.744s] Level 1:colcon.colcon_core.package_identification:_identify(install) by extensions ['ignore', 'ignore_ament_install']
[1.744s] Level 1:colcon.colcon_core.package_identification:_identify(install) by extension 'ignore'
[1.744s] Level 1:colcon.colcon_core.package_identification:_identify(install) ignored
[1.747s] Level 1:colcon.colcon_core.package_identification:_identify(log) by extensions ['ignore', 'ignore_ament_install']
[1.747s] Level 1:colcon.colcon_core.package_identification:_identify(log) by extension 'ignore'
[1.748s] Level 1:colcon.colcon_core.package_identification:_identify(log) ignored
[1.748s] Level 1:colcon.colcon_core.package_identification:_identify(src) by extensions ['ignore', 'ignore_ament_install']
[1.748s] Level 1:colcon.colcon_core.package_identification:_identify(src) by extension 'ignore'
[1.749s] Level 1:colcon.colcon_core.package_identification:_identify(src) by extension 'ignore_ament_install'
[1.749s] Level 1:colcon.colcon_core.package_identification:_identify(src) by extensions ['colcon_pkg']
[1.749s] Level 1:colcon.colcon_core.package_identification:_identify(src) by extension 'colcon_pkg'
[1.749s] Level 1:colcon.colcon_core.package_identification:_identify(src) by extensions ['colcon_meta']
[1.749s] Level 1:colcon.colcon_core.package_identification:_identify(src) by extension 'colcon_meta'
[1.750s] Level 1:colcon.colcon_core.package_identification:_identify(src) by extensions ['ros']
[1.750s] Level 1:colcon.colcon_core.package_identification:_identify(src) by extension 'ros'
[1.750s] Level 1:colcon.colcon_core.package_identification:_identify(src) by extensions ['cmake', 'python']
[1.750s] Level 1:colcon.colcon_core.package_identification:_identify(src) by extension 'cmake'
[1.751s] Level 1:colcon.colcon_core.package_identification:_identify(src) by extension 'python'
[1.751s] Level 1:colcon.colcon_core.package_identification:_identify(src) by extensions ['python_setup_py']
[1.751s] Level 1:colcon.colcon_core.package_identification:_identify(src) by extension 'python_setup_py'
[1.751s] Level 1:colcon.colcon_core.package_identification:_identify(src/ros2_opencv) by extensions ['ignore', 'ignore_ament_install']
[1.752s] Level 1:colcon.colcon_core.package_identification:_identify(src/ros2_opencv) by extension 'ignore'
[1.752s] Level 1:colcon.colcon_core.package_identification:_identify(src/ros2_opencv) by extension 'ignore_ament_install'
[1.752s] Level 1:colcon.colcon_core.package_identification:_identify(src/ros2_opencv) by extensions ['colcon_pkg']
[1.752s] Level 1:colcon.colcon_core.package_identification:_identify(src/ros2_opencv) by extension 'colcon_pkg'
[1.753s] Level 1:colcon.colcon_core.package_identification:_identify(src/ros2_opencv) by extensions ['colcon_meta']
[1.753s] Level 1:colcon.colcon_core.package_identification:_identify(src/ros2_opencv) by extension 'colcon_meta'
[1.753s] Level 1:colcon.colcon_core.package_identification:_identify(src/ros2_opencv) by extensions ['ros']
[1.753s] Level 1:colcon.colcon_core.package_identification:_identify(src/ros2_opencv) by extension 'ros'
[1.768s] DEBUG:colcon.colcon_core.package_identification:Package 'src/ros2_opencv' with type 'ros.ament_python' and name 'ros2_opencv'
[1.768s] Level 1:colcon.colcon_core.package_discovery:discover_packages(recursive) using defaults
[1.768s] Level 1:colcon.colcon_core.package_discovery:discover_packages(ignore) discover
[1.768s] Level 1:colcon.colcon_core.package_discovery:discover_packages(ignore) using defaults
[1.769s] Level 1:colcon.colcon_core.package_discovery:discover_packages(path) discover
[1.769s] Level 1:colcon.colcon_core.package_discovery:discover_packages(path) using defaults
[1.902s] Level 1:colcon.colcon_core.package_discovery:discover_packages(prefix_path) check parameters
[1.902s] Level 1:colcon.colcon_core.package_discovery:discover_packages(prefix_path) discover
[1.929s] DEBUG:colcon.colcon_installed_package_information.package_discovery:Found 324 installed packages in /opt/ros/iron
[1.951s] DEBUG:colcon.colcon_installed_package_information.package_discovery:Found 180 installed packages in /opt/ros/humble
[1.992s] Level 1:colcon.colcon_core.package_discovery:discover_packages(prefix_path) using defaults
[2.402s] Level 5:colcon.colcon_core.verb:set package 'ros2_opencv' build argument 'cmake_args' from command line to 'None'
[2.402s] Level 5:colcon.colcon_core.verb:set package 'ros2_opencv' build argument 'cmake_target' from command line to 'None'
[2.402s] Level 5:colcon.colcon_core.verb:set package 'ros2_opencv' build argument 'cmake_target_skip_unavailable' from command line to 'False'
[2.402s] Level 5:colcon.colcon_core.verb:set package 'ros2_opencv' build argument 'cmake_clean_cache' from command line to 'False'
[2.403s] Level 5:colcon.colcon_core.verb:set package 'ros2_opencv' build argument 'cmake_clean_first' from command line to 'False'
[2.403s] Level 5:colcon.colcon_core.verb:set package 'ros2_opencv' build argument 'cmake_force_configure' from command line to 'False'
[2.403s] Level 5:colcon.colcon_core.verb:set package 'ros2_opencv' build argument 'ament_cmake_args' from command line to 'None'
[2.403s] Level 5:colcon.colcon_core.verb:set package 'ros2_opencv' build argument 'catkin_cmake_args' from command line to 'None'
[2.403s] Level 5:colcon.colcon_core.verb:set package 'ros2_opencv' build argument 'catkin_skip_building_tests' from command line to 'False'
[2.403s] DEBUG:colcon.colcon_core.verb:Building package 'ros2_opencv' with the following arguments: {'ament_cmake_args': None, 'build_base': '/home/epue/capstone.git/capstone/ws_ros2_opencv/build/ros2_opencv', 'catkin_cmake_args': None, 'catkin_skip_building_tests': False, 'cmake_args': None, 'cmake_clean_cache': False, 'cmake_clean_first': False, 'cmake_force_configure': False, 'cmake_target': None, 'cmake_target_skip_unavailable': False, 'install_base': '/home/epue/capstone.git/capstone/ws_ros2_opencv/install/ros2_opencv', 'merge_install': False, 'path': '/home/epue/capstone.git/capstone/ws_ros2_opencv/src/ros2_opencv', 'symlink_install': False, 'test_result_base': None}
[2.404s] INFO:colcon.colcon_core.executor:Executing jobs using 'parallel' executor
[2.409s] DEBUG:colcon.colcon_parallel_executor.executor.parallel:run_until_complete
[2.411s] INFO:colcon.colcon_ros.task.ament_python.build:Building ROS package in '/home/epue/capstone.git/capstone/ws_ros2_opencv/src/ros2_opencv' with build type 'ament_python'
[2.413s] Level 1:colcon.colcon_core.shell:create_environment_hook('ros2_opencv', 'ament_prefix_path')
[2.460s] INFO:colcon.colcon_core.plugin_system:Skipping extension 'colcon_core.shell.bat': Not used on non-Windows systems
[2.462s] INFO:colcon.colcon_core.shell:Creating environment hook '/home/epue/capstone.git/capstone/ws_ros2_opencv/install/ros2_opencv/share/ros2_opencv/hook/ament_prefix_path.ps1'
[2.468s] INFO:colcon.colcon_core.shell:Creating environment descriptor '/home/epue/capstone.git/capstone/ws_ros2_opencv/install/ros2_opencv/share/ros2_opencv/hook/ament_prefix_path.dsv'
[2.473s] INFO:colcon.colcon_core.shell:Creating environment hook '/home/epue/capstone.git/capstone/ws_ros2_opencv/install/ros2_opencv/share/ros2_opencv/hook/ament_prefix_path.sh'
[2.479s] INFO:colcon.colcon_core.shell:Skip shell extension 'powershell' for command environment: Not usable outside of PowerShell
[2.479s] DEBUG:colcon.colcon_core.shell:Skip shell extension 'dsv' for command environment
[3.804s] INFO:colcon.colcon_core.task.python.build:Building Python package in '/home/epue/capstone.git/capstone/ws_ros2_opencv/src/ros2_opencv'
[3.805s] INFO:colcon.colcon_core.shell:Skip shell extension 'powershell' for command environment: Not usable outside of PowerShell
[3.805s] DEBUG:colcon.colcon_core.shell:Skip shell extension 'dsv' for command environment
[7.751s] DEBUG:colcon.colcon_core.event_handler.log_command:Invoking command in '/home/epue/capstone.git/capstone/ws_ros2_opencv/src/ros2_opencv': PYTHONPATH=/home/epue/capstone.git/capstone/ws_ros2_opencv/build/ros2_opencv/prefix_override:/usr/lib/python3/dist-packages/colcon_core/task/python/colcon_distutils_commands:/home/epue/capstone.git/capstone/ws_ros2_opencv/install/ros2_opencv/lib/python3.10/site-packages:${PYTHONPATH} /usr/bin/python3 -W ignore:setup.py install is deprecated setup.py egg_info --egg-base ../../build/ros2_opencv build --build-base /home/epue/capstone.git/capstone/ws_ros2_opencv/build/ros2_opencv/build install --record /home/epue/capstone.git/capstone/ws_ros2_opencv/build/ros2_opencv/install.log --single-version-externally-managed install_data
[11.517s] DEBUG:colcon.colcon_core.event_handler.log_command:Invoked command in '/home/epue/capstone.git/capstone/ws_ros2_opencv/src/ros2_opencv' returned '0': PYTHONPATH=/home/epue/capstone.git/capstone/ws_ros2_opencv/build/ros2_opencv/prefix_override:/usr/lib/python3/dist-packages/colcon_core/task/python/colcon_distutils_commands:/home/epue/capstone.git/capstone/ws_ros2_opencv/install/ros2_opencv/lib/python3.10/site-packages:${PYTHONPATH} /usr/bin/python3 -W ignore:setup.py install is deprecated setup.py egg_info --egg-base ../../build/ros2_opencv build --build-base /home/epue/capstone.git/capstone/ws_ros2_opencv/build/ros2_opencv/build install --record /home/epue/capstone.git/capstone/ws_ros2_opencv/build/ros2_opencv/install.log --single-version-externally-managed install_data
[11.542s] Level 1:colcon.colcon_core.environment:checking '/home/epue/capstone.git/capstone/ws_ros2_opencv/install/ros2_opencv' for CMake module files
[11.545s] Level 1:colcon.colcon_core.environment:checking '/home/epue/capstone.git/capstone/ws_ros2_opencv/install/ros2_opencv' for CMake config files
[11.551s] Level 1:colcon.colcon_core.environment:checking '/home/epue/capstone.git/capstone/ws_ros2_opencv/install/ros2_opencv/lib'
[11.552s] Level 1:colcon.colcon_core.environment:checking '/home/epue/capstone.git/capstone/ws_ros2_opencv/install/ros2_opencv/bin'
[11.553s] Level 1:colcon.colcon_core.environment:checking '/home/epue/capstone.git/capstone/ws_ros2_opencv/install/ros2_opencv/lib/pkgconfig/ros2_opencv.pc'
[11.554s] Level 1:colcon.colcon_core.environment:checking '/home/epue/capstone.git/capstone/ws_ros2_opencv/install/ros2_opencv/lib/python3.10/site-packages'
[11.556s] Level 1:colcon.colcon_core.shell:create_environment_hook('ros2_opencv', 'pythonpath')
[11.557s] INFO:colcon.colcon_core.shell:Creating environment hook '/home/epue/capstone.git/capstone/ws_ros2_opencv/install/ros2_opencv/share/ros2_opencv/hook/pythonpath.ps1'
[11.560s] INFO:colcon.colcon_core.shell:Creating environment descriptor '/home/epue/capstone.git/capstone/ws_ros2_opencv/install/ros2_opencv/share/ros2_opencv/hook/pythonpath.dsv'
[11.562s] INFO:colcon.colcon_core.shell:Creating environment hook '/home/epue/capstone.git/capstone/ws_ros2_opencv/install/ros2_opencv/share/ros2_opencv/hook/pythonpath.sh'
[11.567s] Level 1:colcon.colcon_core.environment:checking '/home/epue/capstone.git/capstone/ws_ros2_opencv/install/ros2_opencv/bin'
[11.568s] Level 1:colcon.colcon_core.environment:create_environment_scripts_only(ros2_opencv)
[11.571s] INFO:colcon.colcon_core.shell:Creating package script '/home/epue/capstone.git/capstone/ws_ros2_opencv/install/ros2_opencv/share/ros2_opencv/package.ps1'
[11.577s] INFO:colcon.colcon_core.shell:Creating package descriptor '/home/epue/capstone.git/capstone/ws_ros2_opencv/install/ros2_opencv/share/ros2_opencv/package.dsv'
[11.583s] INFO:colcon.colcon_core.shell:Creating package script '/home/epue/capstone.git/capstone/ws_ros2_opencv/install/ros2_opencv/share/ros2_opencv/package.sh'
[11.595s] INFO:colcon.colcon_core.shell:Creating package script '/home/epue/capstone.git/capstone/ws_ros2_opencv/install/ros2_opencv/share/ros2_opencv/package.bash'
[11.604s] INFO:colcon.colcon_core.shell:Creating package script '/home/epue/capstone.git/capstone/ws_ros2_opencv/install/ros2_opencv/share/ros2_opencv/package.zsh'
[11.612s] Level 1:colcon.colcon_core.environment:create_file_with_runtime_dependencies(/home/epue/capstone.git/capstone/ws_ros2_opencv/install/ros2_opencv/share/colcon-core/packages/ros2_opencv)
[11.616s] DEBUG:colcon.colcon_parallel_executor.executor.parallel:closing loop
[11.619s] DEBUG:colcon.colcon_parallel_executor.executor.parallel:loop closed
[11.620s] DEBUG:colcon.colcon_parallel_executor.executor.parallel:run_until_complete finished with '0'
[11.621s] DEBUG:colcon.colcon_core.event_reactor:joining thread
[11.702s] INFO:colcon.colcon_core.plugin_system:Skipping extension 'colcon_notification.desktop_notification.terminal_notifier': Not used on non-Darwin systems
[11.706s] INFO:colcon.colcon_core.plugin_system:Skipping extension 'colcon_notification.desktop_notification.win32': Not used on non-Windows systems
[11.707s] INFO:colcon.colcon_notification.desktop_notification:Sending desktop notification using 'notify2'
[11.713s] DEBUG:colcon.colcon_notification.desktop_notification.notify2:Failed to initialize notify2: org.freedesktop.DBus.Error.ServiceUnknown: The name org.freedesktop.Notifications was not provided by any .service files
[11.714s] DEBUG:colcon.colcon_core.event_reactor:joined thread
[11.715s] INFO:colcon.colcon_core.shell:Creating prefix script '/home/epue/capstone.git/capstone/ws_ros2_opencv/install/local_setup.ps1'
[11.721s] INFO:colcon.colcon_core.shell:Creating prefix util module '/home/epue/capstone.git/capstone/ws_ros2_opencv/install/_local_setup_util_ps1.py'
[11.729s] INFO:colcon.colcon_core.shell:Creating prefix chain script '/home/epue/capstone.git/capstone/ws_ros2_opencv/install/setup.ps1'
[11.743s] INFO:colcon.colcon_core.shell:Creating prefix script '/home/epue/capstone.git/capstone/ws_ros2_opencv/install/local_setup.sh'
[11.751s] INFO:colcon.colcon_core.shell:Creating prefix util module '/home/epue/capstone.git/capstone/ws_ros2_opencv/install/_local_setup_util_sh.py'
[11.756s] INFO:colcon.colcon_core.shell:Creating prefix chain script '/home/epue/capstone.git/capstone/ws_ros2_opencv/install/setup.sh'
[11.772s] INFO:colcon.colcon_core.shell:Creating prefix script '/home/epue/capstone.git/capstone/ws_ros2_opencv/install/local_setup.bash'
[11.776s] INFO:colcon.colcon_core.shell:Creating prefix chain script '/home/epue/capstone.git/capstone/ws_ros2_opencv/install/setup.bash'
[11.781s] INFO:colcon.colcon_core.shell:Creating prefix script '/home/epue/capstone.git/capstone/ws_ros2_opencv/install/local_setup.zsh'
[11.786s] INFO:colcon.colcon_core.shell:Creating prefix chain script '/home/epue/capstone.git/capstone/ws_ros2_opencv/install/setup.zsh'
