[0.069s] Invoking command in '/home/epue/capstone.git/capstone/ws_ros2_opencv/build/camera_talk': CMAKE_PREFIX_PATH=/opt/ros/iron:/home/epue/capstone.git/capstone/ws_ros2_opencv/install/ros2_opencv:/opt/ros/humble /usr/bin/cmake /home/epue/capstone.git/capstone/ws_ros2_opencv/src/camera_talk -DCMAKE_INSTALL_PREFIX=/home/epue/capstone.git/capstone/ws_ros2_opencv/install/camera_talk
[1.035s] -- The C compiler identification is GNU 11.4.0
[1.748s] -- The CXX compiler identification is GNU 11.4.0
[1.798s] -- Detecting C compiler ABI info
[2.177s] -- Detecting C compiler ABI info - done
[2.203s] -- Check for working C compiler: /usr/bin/cc - skipped
[2.205s] -- Detecting C compile features
[2.208s] -- Detecting C compile features - done
[2.224s] -- Detecting CXX compiler ABI info
[2.606s] -- Detecting CXX compiler ABI info - done
[2.633s] -- Check for working CXX compiler: /usr/bin/c++ - skipped
[2.634s] -- Detecting CXX compile features
[2.636s] -- Detecting CXX compile features - done
[2.670s] -- Found ament_cmake: 2.0.6 (/opt/ros/iron/share/ament_cmake/cmake)
[3.630s] -- Found Python3: /usr/bin/python3.10 (found version "3.10.12") found components: Interpreter 
[4.354s] -- Found ament_lint_auto: 0.14.4 (/opt/ros/iron/share/ament_lint_auto/cmake)
[4.859s] -- Added test 'lint_cmake' to check CMake code style
[4.867s] -- Added test 'xmllint' to check XML markup files
[4.877s] -- Configuring done
[4.900s] -- Generating done
[4.905s] -- Build files have been written to: /home/epue/capstone.git/capstone/ws_ros2_opencv/build/camera_talk
[4.922s] Invoked command in '/home/epue/capstone.git/capstone/ws_ros2_opencv/build/camera_talk' returned '0': CMAKE_PREFIX_PATH=/opt/ros/iron:/home/epue/capstone.git/capstone/ws_ros2_opencv/install/ros2_opencv:/opt/ros/humble /usr/bin/cmake /home/epue/capstone.git/capstone/ws_ros2_opencv/src/camera_talk -DCMAKE_INSTALL_PREFIX=/home/epue/capstone.git/capstone/ws_ros2_opencv/install/camera_talk
[4.931s] Invoking command in '/home/epue/capstone.git/capstone/ws_ros2_opencv/build/camera_talk': CMAKE_PREFIX_PATH=/opt/ros/iron:/home/epue/capstone.git/capstone/ws_ros2_opencv/install/ros2_opencv:/opt/ros/humble /usr/bin/cmake --build /home/epue/capstone.git/capstone/ws_ros2_opencv/build/camera_talk -- -j4 -l4
[5.133s] Invoked command in '/home/epue/capstone.git/capstone/ws_ros2_opencv/build/camera_talk' returned '0': CMAKE_PREFIX_PATH=/opt/ros/iron:/home/epue/capstone.git/capstone/ws_ros2_opencv/install/ros2_opencv:/opt/ros/humble /usr/bin/cmake --build /home/epue/capstone.git/capstone/ws_ros2_opencv/build/camera_talk -- -j4 -l4
[5.245s] Invoking command in '/home/epue/capstone.git/capstone/ws_ros2_opencv/build/camera_talk': CMAKE_PREFIX_PATH=/opt/ros/iron:/home/epue/capstone.git/capstone/ws_ros2_opencv/install/ros2_opencv:/opt/ros/humble /usr/bin/cmake --install /home/epue/capstone.git/capstone/ws_ros2_opencv/build/camera_talk
[5.274s] -- Install configuration: ""
[5.275s] -- Installing: /home/epue/capstone.git/capstone/ws_ros2_opencv/install/camera_talk/share/ament_index/resource_index/package_run_dependencies/camera_talk
[5.277s] -- Installing: /home/epue/capstone.git/capstone/ws_ros2_opencv/install/camera_talk/share/ament_index/resource_index/parent_prefix_path/camera_talk
[5.279s] -- Installing: /home/epue/capstone.git/capstone/ws_ros2_opencv/install/camera_talk/share/camera_talk/environment/ament_prefix_path.sh
[5.280s] -- Installing: /home/epue/capstone.git/capstone/ws_ros2_opencv/install/camera_talk/share/camera_talk/environment/ament_prefix_path.dsv
[5.282s] -- Installing: /home/epue/capstone.git/capstone/ws_ros2_opencv/install/camera_talk/share/camera_talk/environment/path.sh
[5.283s] -- Installing: /home/epue/capstone.git/capstone/ws_ros2_opencv/install/camera_talk/share/camera_talk/environment/path.dsv
[5.284s] -- Installing: /home/epue/capstone.git/capstone/ws_ros2_opencv/install/camera_talk/share/camera_talk/local_setup.bash
[5.286s] -- Installing: /home/epue/capstone.git/capstone/ws_ros2_opencv/install/camera_talk/share/camera_talk/local_setup.sh
[5.287s] -- Installing: /home/epue/capstone.git/capstone/ws_ros2_opencv/install/camera_talk/share/camera_talk/local_setup.zsh
[5.289s] -- Installing: /home/epue/capstone.git/capstone/ws_ros2_opencv/install/camera_talk/share/camera_talk/local_setup.dsv
[5.290s] -- Installing: /home/epue/capstone.git/capstone/ws_ros2_opencv/install/camera_talk/share/camera_talk/package.dsv
[5.292s] -- Installing: /home/epue/capstone.git/capstone/ws_ros2_opencv/install/camera_talk/share/ament_index/resource_index/packages/camera_talk
[5.293s] -- Installing: /home/epue/capstone.git/capstone/ws_ros2_opencv/install/camera_talk/share/camera_talk/cmake/camera_talkConfig.cmake
[5.295s] -- Installing: /home/epue/capstone.git/capstone/ws_ros2_opencv/install/camera_talk/share/camera_talk/cmake/camera_talkConfig-version.cmake
[5.296s] -- Installing: /home/epue/capstone.git/capstone/ws_ros2_opencv/install/camera_talk/share/camera_talk/package.xml
[5.304s] Invoked command in '/home/epue/capstone.git/capstone/ws_ros2_opencv/build/camera_talk' returned '0': CMAKE_PREFIX_PATH=/opt/ros/iron:/home/epue/capstone.git/capstone/ws_ros2_opencv/install/ros2_opencv:/opt/ros/humble /usr/bin/cmake --install /home/epue/capstone.git/capstone/ws_ros2_opencv/build/camera_talk
