[4.099s] Invoking command in '/home/epue/capstone.git/capstone/ws_ros2_opencv/src/ros2_opencv': PYTHONPATH=/home/epue/capstone.git/capstone/ws_ros2_opencv/build/ros2_opencv/prefix_override:/usr/lib/python3/dist-packages/colcon_core/task/python/colcon_distutils_commands:/home/epue/capstone.git/capstone/ws_ros2_opencv/install/ros2_opencv/lib/python3.10/site-packages:${PYTHONPATH} /usr/bin/python3 -W ignore:setup.py install is deprecated setup.py egg_info --egg-base ../../build/ros2_opencv build --build-base /home/epue/capstone.git/capstone/ws_ros2_opencv/build/ros2_opencv/build install --record /home/epue/capstone.git/capstone/ws_ros2_opencv/build/ros2_opencv/install.log --single-version-externally-managed install_data
[4.965s] /home/epue/.local/lib/python3.10/site-packages/setuptools/_distutils/dist.py:261: UserWarning: Unknown distribution option: 'tests_require'
[4.966s]   warnings.warn(msg)
[5.656s] running egg_info
[5.799s] writing ../../build/ros2_opencv/ros2_opencv.egg-info/PKG-INFO
[5.803s] writing dependency_links to ../../build/ros2_opencv/ros2_opencv.egg-info/dependency_links.txt
[5.805s] writing entry points to ../../build/ros2_opencv/ros2_opencv.egg-info/entry_points.txt
[5.807s] writing requirements to ../../build/ros2_opencv/ros2_opencv.egg-info/requires.txt
[5.810s] writing top-level names to ../../build/ros2_opencv/ros2_opencv.egg-info/top_level.txt
[6.051s] reading manifest file '../../build/ros2_opencv/ros2_opencv.egg-info/SOURCES.txt'
[6.067s] Traceback (most recent call last):
[6.074s]   File "/home/epue/capstone.git/capstone/ws_ros2_opencv/src/ros2_opencv/setup.py", line 7, in <module>
[6.077s]     setup(
[6.078s]   File "/home/epue/.local/lib/python3.10/site-packages/setuptools/__init__.py", line 117, in setup
[6.080s]     return distutils.core.setup(**attrs)
[6.082s]   File "/home/epue/.local/lib/python3.10/site-packages/setuptools/_distutils/core.py", line 183, in setup
[6.089s]     return run_commands(dist)
[6.093s]   File "/home/epue/.local/lib/python3.10/site-packages/setuptools/_distutils/core.py", line 199, in run_commands
[6.106s]     dist.run_commands()
[6.107s]   File "/home/epue/.local/lib/python3.10/site-packages/setuptools/_distutils/dist.py", line 954, in run_commands
[6.110s]     self.run_command(cmd)
[6.111s]   File "/home/epue/.local/lib/python3.10/site-packages/setuptools/dist.py", line 950, in run_command
[6.113s]     super().run_command(command)
[6.114s]   File "/home/epue/.local/lib/python3.10/site-packages/setuptools/_distutils/dist.py", line 973, in run_command
[6.115s]     cmd_obj.run()
[6.116s]   File "/home/epue/.local/lib/python3.10/site-packages/setuptools/command/egg_info.py", line 311, in run
[6.118s]     self.find_sources()
[6.119s]   File "/home/epue/.local/lib/python3.10/site-packages/setuptools/command/egg_info.py", line 319, in find_sources
[6.121s]     mm.run()
[6.122s]   File "/home/epue/.local/lib/python3.10/site-packages/setuptools/command/egg_info.py", line 545, in run
[6.124s]     self.prune_file_list()
[6.125s]   File "/home/epue/.local/lib/python3.10/site-packages/setuptools/command/sdist.py", line 161, in prune_file_list
[6.126s]     super().prune_file_list()
[6.131s]   File "/home/epue/.local/lib/python3.10/site-packages/setuptools/_distutils/command/sdist.py", line 380, in prune_file_list
[6.132s]     base_dir = self.distribution.get_fullname()
[6.133s]   File "/home/epue/.local/lib/python3.10/site-packages/setuptools/_core_metadata.py", line 267, in get_fullname
[6.133s]     return _distribution_fullname(self.get_name(), self.get_version())
[6.134s]   File "/home/epue/.local/lib/python3.10/site-packages/setuptools/_core_metadata.py", line 285, in _distribution_fullname
[6.135s]     canonicalize_version(version, strip_trailing_zero=False),
[6.136s] TypeError: canonicalize_version() got an unexpected keyword argument 'strip_trailing_zero'
[6.227s] Invoked command in '/home/epue/capstone.git/capstone/ws_ros2_opencv/src/ros2_opencv' returned '1': PYTHONPATH=/home/epue/capstone.git/capstone/ws_ros2_opencv/build/ros2_opencv/prefix_override:/usr/lib/python3/dist-packages/colcon_core/task/python/colcon_distutils_commands:/home/epue/capstone.git/capstone/ws_ros2_opencv/install/ros2_opencv/lib/python3.10/site-packages:${PYTHONPATH} /usr/bin/python3 -W ignore:setup.py install is deprecated setup.py egg_info --egg-base ../../build/ros2_opencv build --build-base /home/epue/capstone.git/capstone/ws_ros2_opencv/build/ros2_opencv/build install --record /home/epue/capstone.git/capstone/ws_ros2_opencv/build/ros2_opencv/install.log --single-version-externally-managed install_data
